#
# There is insufficient memory for the Java Runtime Environment to continue.
# Native memory allocation (malloc) failed to allocate 258736 bytes for Chunk::new
# Possible reasons:
#   The system is out of physical RAM or swap space
#   The process is running with CompressedOops enabled, and the Java Heap may be blocking the growth of the native heap
# Possible solutions:
#   Reduce memory load on the system
#   Increase physical memory or swap space
#   Check if swap backing store is full
#   Decrease Java heap size (-Xmx/-Xms)
#   Decrease number of Java threads
#   Decrease Java thread stack sizes (-Xss)
#   Set larger code cache with -XX:ReservedCodeCacheSize=
#   JVM is running with Unscaled Compressed Oops mode in which the Java heap is
#     placed in the first 4GB address space. The Java Heap base address is the
#     maximum limit for the native heap growth. Please use -XX:HeapBaseMinAddress
#     to set the Java Heap base and to place the Java Heap above 4GB virtual address.
# This output file may be truncated or incomplete.
#
#  Out of Memory Error (arena.cpp:191), pid=9212, tid=7360
#
# JRE version: OpenJDK Runtime Environment Temurin-17.0.10+7 (17.0.10+7) (build 17.0.10+7)
# Java VM: OpenJDK 64-Bit Server VM Temurin-17.0.10+7 (17.0.10+7, mixed mode, sharing, tiered, compressed oops, compressed class ptrs, g1 gc, windows-amd64)
# No core dump will be written. Minidumps are not enabled by default on client versions of Windows
#

---------------  S U M M A R Y ------------

Command Line: -javaagent:C:\Users\Student\AppData\Local\JetBrains\IntelliJ IDEA Community Edition 2022.3.3\lib\idea_rt.jar=51775:C:\Users\Student\AppData\Local\JetBrains\IntelliJ IDEA Community Edition 2022.3.3\bin -Dfile.encoding=UTF-8 com.example.demo.DemoApplication

Host: Intel(R) Core(TM) i3-10105 CPU @ 3.70GHz, 8 cores, 7G,  Windows 11 , 64 bit Build 22621 (10.0.22621.3235)
Time: Wed Apr  3 14:07:17 2024 India Standard Time elapsed time: 0.698121 seconds (0d 0h 0m 0s)

---------------  T H R E A D  ---------------

Current thread (0x000001df6e25bb40):  JavaThread "C2 CompilerThread1" daemon [_thread_in_native, id=7360, stack(0x0000009e80f00000,0x0000009e81000000)]


Current CompileTask:
C2:    698 1010       4       java.util.HashMap::put (13 bytes)

Stack: [0x0000009e80f00000,0x0000009e81000000]
Native frames: (J=compiled Java code, j=interpreted, Vv=VM code, C=native code)
V  [jvm.dll+0x67d2c9]
V  [jvm.dll+0x834afa]
V  [jvm.dll+0x8365be]
V  [jvm.dll+0x836c23]
V  [jvm.dll+0x2477ff]
V  [jvm.dll+0xac514]
V  [jvm.dll+0xacb5c]
V  [jvm.dll+0x366782]
V  [jvm.dll+0x330bfa]
V  [jvm.dll+0x33009a]
V  [jvm.dll+0x219ef1]
V  [jvm.dll+0x219311]
V  [jvm.dll+0x1a502d]
V  [jvm.dll+0x2290de]
V  [jvm.dll+0x2272ac]
V  [jvm.dll+0x7e9bb7]
V  [jvm.dll+0x7e3fba]
V  [jvm.dll+0x67c1b5]
C  [ucrtbase.dll+0x29363]
C  [KERNEL32.DLL+0x1257d]
C  [ntdll.dll+0x5aa58]


---------------  P R O C E S S  ---------------

Threads class SMR info:
_java_thread_list=0x000001df6e337f80, length=14, elements={
0x000001df08bf2720, 0x000001df28d883d0, 0x000001df28d88f60, 0x000001df28d98bf0,
0x000001df28d994c0, 0x000001df28d99d90, 0x000001df28d9a660, 0x000001df28d9b310,
0x000001df28da91f0, 0x000001df28dafb20, 0x000001df28d71dc0, 0x000001df6e25bb40,
0x000001df6e4486b0, 0x000001df6e1f2110
}

Java Threads: ( => current thread )
  0x000001df08bf2720 JavaThread "main" [_thread_in_vm, id=14072, stack(0x0000009effe00000,0x0000009efff00000)]
  0x000001df28d883d0 JavaThread "Reference Handler" daemon [_thread_blocked, id=5064, stack(0x0000009e80500000,0x0000009e80600000)]
  0x000001df28d88f60 JavaThread "Finalizer" daemon [_thread_blocked, id=2384, stack(0x0000009e80600000,0x0000009e80700000)]
  0x000001df28d98bf0 JavaThread "Signal Dispatcher" daemon [_thread_blocked, id=2700, stack(0x0000009e80700000,0x0000009e80800000)]
  0x000001df28d994c0 JavaThread "Attach Listener" daemon [_thread_blocked, id=11460, stack(0x0000009e80800000,0x0000009e80900000)]
  0x000001df28d99d90 JavaThread "Service Thread" daemon [_thread_blocked, id=14192, stack(0x0000009e80900000,0x0000009e80a00000)]
  0x000001df28d9a660 JavaThread "Monitor Deflation Thread" daemon [_thread_blocked, id=2540, stack(0x0000009e80a00000,0x0000009e80b00000)]
  0x000001df28d9b310 JavaThread "C2 CompilerThread0" daemon [_thread_in_native, id=7972, stack(0x0000009e80b00000,0x0000009e80c00000)]
  0x000001df28da91f0 JavaThread "C1 CompilerThread0" daemon [_thread_blocked, id=9572, stack(0x0000009e80c00000,0x0000009e80d00000)]
  0x000001df28dafb20 JavaThread "Sweeper thread" daemon [_thread_blocked, id=9060, stack(0x0000009e80d00000,0x0000009e80e00000)]
  0x000001df28d71dc0 JavaThread "Common-Cleaner" daemon [_thread_blocked, id=2132, stack(0x0000009e80e00000,0x0000009e80f00000)]
=>0x000001df6e25bb40 JavaThread "C2 CompilerThread1" daemon [_thread_in_native, id=7360, stack(0x0000009e80f00000,0x0000009e81000000)]
  0x000001df6e4486b0 JavaThread "Monitor Ctrl-Break" daemon [_thread_in_native, id=14056, stack(0x0000009e81000000,0x0000009e81100000)]
  0x000001df6e1f2110 JavaThread "Notification Thread" daemon [_thread_blocked, id=868, stack(0x0000009e81100000,0x0000009e81200000)]

Other Threads:
  0x000001df28d829a0 VMThread "VM Thread" [stack: 0x0000009e80400000,0x0000009e80500000] [id=6240]
  0x000001df6e3fe880 WatcherThread [stack: 0x0000009e81200000,0x0000009e81300000] [id=13720]
  0x000001df08c4bde0 GCTaskThread "GC Thread#0" [stack: 0x0000009efff00000,0x0000009f00000000] [id=5188]
  0x000001df08c5c380 ConcurrentGCThread "G1 Main Marker" [stack: 0x0000009e80000000,0x0000009e80100000] [id=9428]
  0x000001df08c5ccb0 ConcurrentGCThread "G1 Conc#0" [stack: 0x0000009e80100000,0x0000009e80200000] [id=5296]
  0x000001df28c284f0 ConcurrentGCThread "G1 Refine#0" [stack: 0x0000009e80200000,0x0000009e80300000] [id=14128]
  0x000001df08c9d290 ConcurrentGCThread "G1 Service" [stack: 0x0000009e80300000,0x0000009e80400000] [id=13488]

Threads with active compile tasks:
C2 CompilerThread0      728 1025       4       java.util.HashMap::putVal (300 bytes)
C2 CompilerThread1      728 1010       4       java.util.HashMap::put (13 bytes)

VM state: not at safepoint (normal execution)

VM Mutex/Monitor currently owned by a thread: None

Heap address: 0x0000000084600000, size: 1978 MB, Compressed Oops mode: 32-bit

CDS archive(s) mapped at: [0x000001df29000000-0x000001df29bb0000-0x000001df29bb0000), size 12255232, SharedBaseAddress: 0x000001df29000000, ArchiveRelocationMode: 1.
Compressed class space mapped at: 0x000001df2a000000-0x000001df6a000000, reserved size: 1073741824
Narrow klass base: 0x000001df29000000, Narrow klass shift: 0, Narrow klass range: 0x100000000

GC Precious Log:
 CPUs: 8 total, 8 available
 Memory: 7904M
 Large Page Support: Disabled
 NUMA Support: Disabled
 Compressed Oops: Enabled (32-bit)
 Heap Region Size: 1M
 Heap Min Capacity: 8M
 Heap Initial Capacity: 124M
 Heap Max Capacity: 1978M
 Pre-touch: Disabled
 Parallel Workers: 8
 Concurrent Workers: 2
 Concurrent Refinement Workers: 8
 Periodic GC: Disabled

Heap:
 garbage-first heap   total 126976K, used 18432K [0x0000000084600000, 0x0000000100000000)
  region size 1024K, 20 young (20480K), 0 survivors (0K)
 Metaspace       used 5927K, committed 6144K, reserved 1114112K
  class space    used 695K, committed 832K, reserved 1048576K

Heap Regions: E=young(eden), S=young(survivor), O=old, HS=humongous(starts), HC=humongous(continues), CS=collection set, F=free, OA=open archive, CA=closed archive, TAMS=top-at-mark-start (previous, next)
|   0|0x0000000084600000, 0x0000000084600000, 0x0000000084700000|  0%| F|  |TAMS 0x0000000084600000, 0x0000000084600000| Untracked 
|   1|0x0000000084700000, 0x0000000084700000, 0x0000000084800000|  0%| F|  |TAMS 0x0000000084700000, 0x0000000084700000| Untracked 
|   2|0x0000000084800000, 0x0000000084800000, 0x0000000084900000|  0%| F|  |TAMS 0x0000000084800000, 0x0000000084800000| Untracked 
|   3|0x0000000084900000, 0x0000000084900000, 0x0000000084a00000|  0%| F|  |TAMS 0x0000000084900000, 0x0000000084900000| Untracked 
|   4|0x0000000084a00000, 0x0000000084a00000, 0x0000000084b00000|  0%| F|  |TAMS 0x0000000084a00000, 0x0000000084a00000| Untracked 
|   5|0x0000000084b00000, 0x0000000084b00000, 0x0000000084c00000|  0%| F|  |TAMS 0x0000000084b00000, 0x0000000084b00000| Untracked 
|   6|0x0000000084c00000, 0x0000000084c00000, 0x0000000084d00000|  0%| F|  |TAMS 0x0000000084c00000, 0x0000000084c00000| Untracked 
|   7|0x0000000084d00000, 0x0000000084d00000, 0x0000000084e00000|  0%| F|  |TAMS 0x0000000084d00000, 0x0000000084d00000| Untracked 
|   8|0x0000000084e00000, 0x0000000084e00000, 0x0000000084f00000|  0%| F|  |TAMS 0x0000000084e00000, 0x0000000084e00000| Untracked 
|   9|0x0000000084f00000, 0x0000000084f00000, 0x0000000085000000|  0%| F|  |TAMS 0x0000000084f00000, 0x0000000084f00000| Untracked 
|  10|0x0000000085000000, 0x0000000085000000, 0x0000000085100000|  0%| F|  |TAMS 0x0000000085000000, 0x0000000085000000| Untracked 
|  11|0x0000000085100000, 0x0000000085100000, 0x0000000085200000|  0%| F|  |TAMS 0x0000000085100000, 0x0000000085100000| Untracked 
|  12|0x0000000085200000, 0x0000000085200000, 0x0000000085300000|  0%| F|  |TAMS 0x0000000085200000, 0x0000000085200000| Untracked 
|  13|0x0000000085300000, 0x0000000085300000, 0x0000000085400000|  0%| F|  |TAMS 0x0000000085300000, 0x0000000085300000| Untracked 
|  14|0x0000000085400000, 0x0000000085400000, 0x0000000085500000|  0%| F|  |TAMS 0x0000000085400000, 0x0000000085400000| Untracked 
|  15|0x0000000085500000, 0x0000000085500000, 0x0000000085600000|  0%| F|  |TAMS 0x0000000085500000, 0x0000000085500000| Untracked 
|  16|0x0000000085600000, 0x0000000085600000, 0x0000000085700000|  0%| F|  |TAMS 0x0000000085600000, 0x0000000085600000| Untracked 
|  17|0x0000000085700000, 0x0000000085700000, 0x0000000085800000|  0%| F|  |TAMS 0x0000000085700000, 0x0000000085700000| Untracked 
|  18|0x0000000085800000, 0x0000000085800000, 0x0000000085900000|  0%| F|  |TAMS 0x0000000085800000, 0x0000000085800000| Untracked 
|  19|0x0000000085900000, 0x0000000085900000, 0x0000000085a00000|  0%| F|  |TAMS 0x0000000085900000, 0x0000000085900000| Untracked 
|  20|0x0000000085a00000, 0x0000000085a00000, 0x0000000085b00000|  0%| F|  |TAMS 0x0000000085a00000, 0x0000000085a00000| Untracked 
|  21|0x0000000085b00000, 0x0000000085b00000, 0x0000000085c00000|  0%| F|  |TAMS 0x0000000085b00000, 0x0000000085b00000| Untracked 
|  22|0x0000000085c00000, 0x0000000085c00000, 0x0000000085d00000|  0%| F|  |TAMS 0x0000000085c00000, 0x0000000085c00000| Untracked 
|  23|0x0000000085d00000, 0x0000000085d00000, 0x0000000085e00000|  0%| F|  |TAMS 0x0000000085d00000, 0x0000000085d00000| Untracked 
|  24|0x0000000085e00000, 0x0000000085e00000, 0x0000000085f00000|  0%| F|  |TAMS 0x0000000085e00000, 0x0000000085e00000| Untracked 
|  25|0x0000000085f00000, 0x0000000085f00000, 0x0000000086000000|  0%| F|  |TAMS 0x0000000085f00000, 0x0000000085f00000| Untracked 
|  26|0x0000000086000000, 0x0000000086000000, 0x0000000086100000|  0%| F|  |TAMS 0x0000000086000000, 0x0000000086000000| Untracked 
|  27|0x0000000086100000, 0x0000000086100000, 0x0000000086200000|  0%| F|  |TAMS 0x0000000086100000, 0x0000000086100000| Untracked 
|  28|0x0000000086200000, 0x0000000086200000, 0x0000000086300000|  0%| F|  |TAMS 0x0000000086200000, 0x0000000086200000| Untracked 
|  29|0x0000000086300000, 0x0000000086300000, 0x0000000086400000|  0%| F|  |TAMS 0x0000000086300000, 0x0000000086300000| Untracked 
|  30|0x0000000086400000, 0x0000000086400000, 0x0000000086500000|  0%| F|  |TAMS 0x0000000086400000, 0x0000000086400000| Untracked 
|  31|0x0000000086500000, 0x0000000086500000, 0x0000000086600000|  0%| F|  |TAMS 0x0000000086500000, 0x0000000086500000| Untracked 
|  32|0x0000000086600000, 0x0000000086600000, 0x0000000086700000|  0%| F|  |TAMS 0x0000000086600000, 0x0000000086600000| Untracked 
|  33|0x0000000086700000, 0x0000000086700000, 0x0000000086800000|  0%| F|  |TAMS 0x0000000086700000, 0x0000000086700000| Untracked 
|  34|0x0000000086800000, 0x0000000086800000, 0x0000000086900000|  0%| F|  |TAMS 0x0000000086800000, 0x0000000086800000| Untracked 
|  35|0x0000000086900000, 0x0000000086900000, 0x0000000086a00000|  0%| F|  |TAMS 0x0000000086900000, 0x0000000086900000| Untracked 
|  36|0x0000000086a00000, 0x0000000086a00000, 0x0000000086b00000|  0%| F|  |TAMS 0x0000000086a00000, 0x0000000086a00000| Untracked 
|  37|0x0000000086b00000, 0x0000000086b00000, 0x0000000086c00000|  0%| F|  |TAMS 0x0000000086b00000, 0x0000000086b00000| Untracked 
|  38|0x0000000086c00000, 0x0000000086c00000, 0x0000000086d00000|  0%| F|  |TAMS 0x0000000086c00000, 0x0000000086c00000| Untracked 
|  39|0x0000000086d00000, 0x0000000086d00000, 0x0000000086e00000|  0%| F|  |TAMS 0x0000000086d00000, 0x0000000086d00000| Untracked 
|  40|0x0000000086e00000, 0x0000000086e00000, 0x0000000086f00000|  0%| F|  |TAMS 0x0000000086e00000, 0x0000000086e00000| Untracked 
|  41|0x0000000086f00000, 0x0000000086f00000, 0x0000000087000000|  0%| F|  |TAMS 0x0000000086f00000, 0x0000000086f00000| Untracked 
|  42|0x0000000087000000, 0x0000000087000000, 0x0000000087100000|  0%| F|  |TAMS 0x0000000087000000, 0x0000000087000000| Untracked 
|  43|0x0000000087100000, 0x0000000087100000, 0x0000000087200000|  0%| F|  |TAMS 0x0000000087100000, 0x0000000087100000| Untracked 
|  44|0x0000000087200000, 0x0000000087200000, 0x0000000087300000|  0%| F|  |TAMS 0x0000000087200000, 0x0000000087200000| Untracked 
|  45|0x0000000087300000, 0x0000000087300000, 0x0000000087400000|  0%| F|  |TAMS 0x0000000087300000, 0x0000000087300000| Untracked 
|  46|0x0000000087400000, 0x0000000087400000, 0x0000000087500000|  0%| F|  |TAMS 0x0000000087400000, 0x0000000087400000| Untracked 
|  47|0x0000000087500000, 0x0000000087500000, 0x0000000087600000|  0%| F|  |TAMS 0x0000000087500000, 0x0000000087500000| Untracked 
|  48|0x0000000087600000, 0x0000000087600000, 0x0000000087700000|  0%| F|  |TAMS 0x0000000087600000, 0x0000000087600000| Untracked 
|  49|0x0000000087700000, 0x0000000087700000, 0x0000000087800000|  0%| F|  |TAMS 0x0000000087700000, 0x0000000087700000| Untracked 
|  50|0x0000000087800000, 0x0000000087800000, 0x0000000087900000|  0%| F|  |TAMS 0x0000000087800000, 0x0000000087800000| Untracked 
|  51|0x0000000087900000, 0x0000000087900000, 0x0000000087a00000|  0%| F|  |TAMS 0x0000000087900000, 0x0000000087900000| Untracked 
|  52|0x0000000087a00000, 0x0000000087a00000, 0x0000000087b00000|  0%| F|  |TAMS 0x0000000087a00000, 0x0000000087a00000| Untracked 
|  53|0x0000000087b00000, 0x0000000087b00000, 0x0000000087c00000|  0%| F|  |TAMS 0x0000000087b00000, 0x0000000087b00000| Untracked 
|  54|0x0000000087c00000, 0x0000000087c00000, 0x0000000087d00000|  0%| F|  |TAMS 0x0000000087c00000, 0x0000000087c00000| Untracked 
|  55|0x0000000087d00000, 0x0000000087d00000, 0x0000000087e00000|  0%| F|  |TAMS 0x0000000087d00000, 0x0000000087d00000| Untracked 
|  56|0x0000000087e00000, 0x0000000087e00000, 0x0000000087f00000|  0%| F|  |TAMS 0x0000000087e00000, 0x0000000087e00000| Untracked 
|  57|0x0000000087f00000, 0x0000000087f00000, 0x0000000088000000|  0%| F|  |TAMS 0x0000000087f00000, 0x0000000087f00000| Untracked 
|  58|0x0000000088000000, 0x0000000088000000, 0x0000000088100000|  0%| F|  |TAMS 0x0000000088000000, 0x0000000088000000| Untracked 
|  59|0x0000000088100000, 0x0000000088100000, 0x0000000088200000|  0%| F|  |TAMS 0x0000000088100000, 0x0000000088100000| Untracked 
|  60|0x0000000088200000, 0x0000000088200000, 0x0000000088300000|  0%| F|  |TAMS 0x0000000088200000, 0x0000000088200000| Untracked 
|  61|0x0000000088300000, 0x0000000088300000, 0x0000000088400000|  0%| F|  |TAMS 0x0000000088300000, 0x0000000088300000| Untracked 
|  62|0x0000000088400000, 0x0000000088400000, 0x0000000088500000|  0%| F|  |TAMS 0x0000000088400000, 0x0000000088400000| Untracked 
|  63|0x0000000088500000, 0x0000000088500000, 0x0000000088600000|  0%| F|  |TAMS 0x0000000088500000, 0x0000000088500000| Untracked 
|  64|0x0000000088600000, 0x0000000088600000, 0x0000000088700000|  0%| F|  |TAMS 0x0000000088600000, 0x0000000088600000| Untracked 
|  65|0x0000000088700000, 0x0000000088700000, 0x0000000088800000|  0%| F|  |TAMS 0x0000000088700000, 0x0000000088700000| Untracked 
|  66|0x0000000088800000, 0x0000000088800000, 0x0000000088900000|  0%| F|  |TAMS 0x0000000088800000, 0x0000000088800000| Untracked 
|  67|0x0000000088900000, 0x0000000088900000, 0x0000000088a00000|  0%| F|  |TAMS 0x0000000088900000, 0x0000000088900000| Untracked 
|  68|0x0000000088a00000, 0x0000000088a00000, 0x0000000088b00000|  0%| F|  |TAMS 0x0000000088a00000, 0x0000000088a00000| Untracked 
|  69|0x0000000088b00000, 0x0000000088b00000, 0x0000000088c00000|  0%| F|  |TAMS 0x0000000088b00000, 0x0000000088b00000| Untracked 
|  70|0x0000000088c00000, 0x0000000088c00000, 0x0000000088d00000|  0%| F|  |TAMS 0x0000000088c00000, 0x0000000088c00000| Untracked 
|  71|0x0000000088d00000, 0x0000000088d00000, 0x0000000088e00000|  0%| F|  |TAMS 0x0000000088d00000, 0x0000000088d00000| Untracked 
|  72|0x0000000088e00000, 0x0000000088e00000, 0x0000000088f00000|  0%| F|  |TAMS 0x0000000088e00000, 0x0000000088e00000| Untracked 
|  73|0x0000000088f00000, 0x0000000088f00000, 0x0000000089000000|  0%| F|  |TAMS 0x0000000088f00000, 0x0000000088f00000| Untracked 
|  74|0x0000000089000000, 0x0000000089000000, 0x0000000089100000|  0%| F|  |TAMS 0x0000000089000000, 0x0000000089000000| Untracked 
|  75|0x0000000089100000, 0x0000000089100000, 0x0000000089200000|  0%| F|  |TAMS 0x0000000089100000, 0x0000000089100000| Untracked 
|  76|0x0000000089200000, 0x0000000089200000, 0x0000000089300000|  0%| F|  |TAMS 0x0000000089200000, 0x0000000089200000| Untracked 
|  77|0x0000000089300000, 0x0000000089300000, 0x0000000089400000|  0%| F|  |TAMS 0x0000000089300000, 0x0000000089300000| Untracked 
|  78|0x0000000089400000, 0x0000000089400000, 0x0000000089500000|  0%| F|  |TAMS 0x0000000089400000, 0x0000000089400000| Untracked 
|  79|0x0000000089500000, 0x0000000089500000, 0x0000000089600000|  0%| F|  |TAMS 0x0000000089500000, 0x0000000089500000| Untracked 
|  80|0x0000000089600000, 0x0000000089600000, 0x0000000089700000|  0%| F|  |TAMS 0x0000000089600000, 0x0000000089600000| Untracked 
|  81|0x0000000089700000, 0x0000000089700000, 0x0000000089800000|  0%| F|  |TAMS 0x0000000089700000, 0x0000000089700000| Untracked 
|  82|0x0000000089800000, 0x0000000089800000, 0x0000000089900000|  0%| F|  |TAMS 0x0000000089800000, 0x0000000089800000| Untracked 
|  83|0x0000000089900000, 0x0000000089900000, 0x0000000089a00000|  0%| F|  |TAMS 0x0000000089900000, 0x0000000089900000| Untracked 
|  84|0x0000000089a00000, 0x0000000089a00000, 0x0000000089b00000|  0%| F|  |TAMS 0x0000000089a00000, 0x0000000089a00000| Untracked 
|  85|0x0000000089b00000, 0x0000000089b00000, 0x0000000089c00000|  0%| F|  |TAMS 0x0000000089b00000, 0x0000000089b00000| Untracked 
|  86|0x0000000089c00000, 0x0000000089c00000, 0x0000000089d00000|  0%| F|  |TAMS 0x0000000089c00000, 0x0000000089c00000| Untracked 
|  87|0x0000000089d00000, 0x0000000089d00000, 0x0000000089e00000|  0%| F|  |TAMS 0x0000000089d00000, 0x0000000089d00000| Untracked 
|  88|0x0000000089e00000, 0x0000000089e00000, 0x0000000089f00000|  0%| F|  |TAMS 0x0000000089e00000, 0x0000000089e00000| Untracked 
|  89|0x0000000089f00000, 0x0000000089f00000, 0x000000008a000000|  0%| F|  |TAMS 0x0000000089f00000, 0x0000000089f00000| Untracked 
|  90|0x000000008a000000, 0x000000008a000000, 0x000000008a100000|  0%| F|  |TAMS 0x000000008a000000, 0x000000008a000000| Untracked 
|  91|0x000000008a100000, 0x000000008a100000, 0x000000008a200000|  0%| F|  |TAMS 0x000000008a100000, 0x000000008a100000| Untracked 
|  92|0x000000008a200000, 0x000000008a200000, 0x000000008a300000|  0%| F|  |TAMS 0x000000008a200000, 0x000000008a200000| Untracked 
|  93|0x000000008a300000, 0x000000008a300000, 0x000000008a400000|  0%| F|  |TAMS 0x000000008a300000, 0x000000008a300000| Untracked 
|  94|0x000000008a400000, 0x000000008a400000, 0x000000008a500000|  0%| F|  |TAMS 0x000000008a400000, 0x000000008a400000| Untracked 
|  95|0x000000008a500000, 0x000000008a500000, 0x000000008a600000|  0%| F|  |TAMS 0x000000008a500000, 0x000000008a500000| Untracked 
|  96|0x000000008a600000, 0x000000008a600000, 0x000000008a700000|  0%| F|  |TAMS 0x000000008a600000, 0x000000008a600000| Untracked 
|  97|0x000000008a700000, 0x000000008a700000, 0x000000008a800000|  0%| F|  |TAMS 0x000000008a700000, 0x000000008a700000| Untracked 
|  98|0x000000008a800000, 0x000000008a800000, 0x000000008a900000|  0%| F|  |TAMS 0x000000008a800000, 0x000000008a800000| Untracked 
|  99|0x000000008a900000, 0x000000008a900000, 0x000000008aa00000|  0%| F|  |TAMS 0x000000008a900000, 0x000000008a900000| Untracked 
| 100|0x000000008aa00000, 0x000000008aa00000, 0x000000008ab00000|  0%| F|  |TAMS 0x000000008aa00000, 0x000000008aa00000| Untracked 
| 101|0x000000008ab00000, 0x000000008ab00000, 0x000000008ac00000|  0%| F|  |TAMS 0x000000008ab00000, 0x000000008ab00000| Untracked 
| 102|0x000000008ac00000, 0x000000008ac00000, 0x000000008ad00000|  0%| F|  |TAMS 0x000000008ac00000, 0x000000008ac00000| Untracked 
| 103|0x000000008ad00000, 0x000000008ad00000, 0x000000008ae00000|  0%| F|  |TAMS 0x000000008ad00000, 0x000000008ad00000| Untracked 
| 104|0x000000008ae00000, 0x000000008ae76478, 0x000000008af00000| 46%| E|  |TAMS 0x000000008ae00000, 0x000000008ae00000| Complete 
| 105|0x000000008af00000, 0x000000008b000000, 0x000000008b000000|100%| E|CS|TAMS 0x000000008af00000, 0x000000008af00000| Complete 
| 106|0x000000008b000000, 0x000000008b100000, 0x000000008b100000|100%| E|CS|TAMS 0x000000008b000000, 0x000000008b000000| Complete 
| 107|0x000000008b100000, 0x000000008b200000, 0x000000008b200000|100%| E|CS|TAMS 0x000000008b100000, 0x000000008b100000| Complete 
| 108|0x000000008b200000, 0x000000008b300000, 0x000000008b300000|100%| E|CS|TAMS 0x000000008b200000, 0x000000008b200000| Complete 
| 109|0x000000008b300000, 0x000000008b400000, 0x000000008b400000|100%| E|CS|TAMS 0x000000008b300000, 0x000000008b300000| Complete 
| 110|0x000000008b400000, 0x000000008b500000, 0x000000008b500000|100%| E|CS|TAMS 0x000000008b400000, 0x000000008b400000| Complete 
| 111|0x000000008b500000, 0x000000008b600000, 0x000000008b600000|100%| E|CS|TAMS 0x000000008b500000, 0x000000008b500000| Complete 
| 112|0x000000008b600000, 0x000000008b700000, 0x000000008b700000|100%| E|CS|TAMS 0x000000008b600000, 0x000000008b600000| Complete 
| 113|0x000000008b700000, 0x000000008b800000, 0x000000008b800000|100%| E|CS|TAMS 0x000000008b700000, 0x000000008b700000| Complete 
| 114|0x000000008b800000, 0x000000008b900000, 0x000000008b900000|100%| E|CS|TAMS 0x000000008b800000, 0x000000008b800000| Complete 
| 115|0x000000008b900000, 0x000000008ba00000, 0x000000008ba00000|100%| E|CS|TAMS 0x000000008b900000, 0x000000008b900000| Complete 
| 116|0x000000008ba00000, 0x000000008bb00000, 0x000000008bb00000|100%| E|CS|TAMS 0x000000008ba00000, 0x000000008ba00000| Complete 
| 117|0x000000008bb00000, 0x000000008bc00000, 0x000000008bc00000|100%| E|CS|TAMS 0x000000008bb00000, 0x000000008bb00000| Complete 
| 118|0x000000008bc00000, 0x000000008bd00000, 0x000000008bd00000|100%| E|CS|TAMS 0x000000008bc00000, 0x000000008bc00000| Complete 
| 119|0x000000008bd00000, 0x000000008be00000, 0x000000008be00000|100%| E|CS|TAMS 0x000000008bd00000, 0x000000008bd00000| Complete 
| 120|0x000000008be00000, 0x000000008bf00000, 0x000000008bf00000|100%| E|  |TAMS 0x000000008be00000, 0x000000008be00000| Complete 
| 121|0x000000008bf00000, 0x000000008c000000, 0x000000008c000000|100%| E|CS|TAMS 0x000000008bf00000, 0x000000008bf00000| Complete 
| 122|0x000000008c000000, 0x000000008c100000, 0x000000008c100000|100%| E|CS|TAMS 0x000000008c000000, 0x000000008c000000| Complete 
| 123|0x000000008c100000, 0x000000008c200000, 0x000000008c200000|100%| E|CS|TAMS 0x000000008c100000, 0x000000008c100000| Complete 

Card table byte_map: [0x000001df21d40000,0x000001df22120000] _byte_map_base: 0x000001df2191d000

Marking Bits (Prev, Next): (CMBitMap*) 0x000001df08c4c310, (CMBitMap*) 0x000001df08c4c350
 Prev Bits: [0x000001df22500000, 0x000001df243e8000)
 Next Bits: [0x000001df243f0000, 0x000001df262d8000)

Polling page: 0x000001df08ca0000

Metaspace:

Usage:
  Non-class:      5.12 MB used.
      Class:    699.42 KB used.
       Both:      5.80 MB used.

Virtual space:
  Non-class space:       64.00 MB reserved,       5.19 MB (  8%) committed,  1 nodes.
      Class space:        1.00 GB reserved,     832.00 KB ( <1%) committed,  1 nodes.
             Both:        1.06 GB reserved,       6.00 MB ( <1%) committed. 

Chunk freelists:
   Non-Class:  9.45 MB
       Class:  15.04 MB
        Both:  24.50 MB

MaxMetaspaceSize: unlimited
CompressedClassSpaceSize: 1.00 GB
Initial GC threshold: 21.00 MB
Current GC threshold: 21.00 MB
CDS: on
MetaspaceReclaimPolicy: balanced
 - commit_granule_bytes: 65536.
 - commit_granule_words: 8192.
 - virtual_space_node_default_size: 8388608.
 - enlarge_chunks_in_place: 1.
 - new_chunks_are_fully_committed: 0.
 - uncommit_free_chunks: 1.
 - use_allocation_guard: 0.
 - handle_deallocations: 1.


Internal statistics:

num_allocs_failed_limit: 0.
num_arena_births: 102.
num_arena_deaths: 0.
num_vsnodes_births: 2.
num_vsnodes_deaths: 0.
num_space_committed: 96.
num_space_uncommitted: 0.
num_chunks_returned_to_freelist: 0.
num_chunks_taken_from_freelist: 254.
num_chunk_merges: 0.
num_chunk_splits: 164.
num_chunks_enlarged: 121.
num_inconsistent_stats: 0.

CodeHeap 'non-profiled nmethods': size=120000Kb used=368Kb max_used=368Kb free=119631Kb
 bounds [0x000001df199b0000, 0x000001df19c20000, 0x000001df20ee0000]
CodeHeap 'profiled nmethods': size=120000Kb used=1900Kb max_used=1900Kb free=118099Kb
 bounds [0x000001df11ee0000, 0x000001df12150000, 0x000001df19410000]
CodeHeap 'non-nmethods': size=5760Kb used=1147Kb max_used=1183Kb free=4612Kb
 bounds [0x000001df19410000, 0x000001df19680000, 0x000001df199b0000]
 total_blobs=1492 nmethods=1056 adapters=349
 compilation: enabled
              stopped_count=0, restarted_count=0
 full_count=0

Compilation events (20 events):
Event: 0.673 Thread 0x000001df28da91f0 nmethod 999 0x000001df120a4210 code [0x000001df120a4440, 0x000001df120a4c68]
Event: 0.673 Thread 0x000001df28da91f0 1005       1       org.springframework.core.ResolvableType$DefaultVariableResolver::getSource (5 bytes)
Event: 0.673 Thread 0x000001df28da91f0 nmethod 1005 0x000001df19a08f10 code [0x000001df19a090a0, 0x000001df19a09178]
Event: 0.673 Thread 0x000001df28da91f0 1001       3       java.lang.invoke.MethodHandleNatives::refKindHasReceiver (33 bytes)
Event: 0.673 Thread 0x000001df28da91f0 nmethod 1001 0x000001df120a4f90 code [0x000001df120a5120, 0x000001df120a5278]
Event: 0.683 Thread 0x000001df28da91f0 1006       1       org.springframework.util.ConcurrentReferenceHashMap$SoftEntryReference::getHash (5 bytes)
Event: 0.683 Thread 0x000001df28da91f0 nmethod 1006 0x000001df19a09210 code [0x000001df19a093a0, 0x000001df19a09478]
Event: 0.684 Thread 0x000001df28d9b310 1007       4       jdk.internal.org.objectweb.asm.ClassReader::readUnsignedShort (26 bytes)
Event: 0.685 Thread 0x000001df28da91f0 1008       3       java.lang.Float::isNaN (12 bytes)
Event: 0.685 Thread 0x000001df6e25bb40 1010       4       java.util.HashMap::put (13 bytes)
Event: 0.685 Thread 0x000001df28da91f0 nmethod 1008 0x000001df120a5310 code [0x000001df120a54a0, 0x000001df120a5618]
Event: 0.685 Thread 0x000001df28da91f0 1009       3       java.util.HashSet::add (20 bytes)
Event: 0.685 Thread 0x000001df28d9b310 nmethod 1007 0x000001df19a09510 code [0x000001df19a09680, 0x000001df19a09758]
Event: 0.685 Thread 0x000001df28da91f0 nmethod 1009 0x000001df120a5690 code [0x000001df120a5840, 0x000001df120a5a88]
Event: 0.687 Thread 0x000001df28da91f0 1011       3       java.lang.invoke.DirectMethodHandle::<init> (148 bytes)
Event: 0.688 Thread 0x000001df28da91f0 nmethod 1011 0x000001df120a5b90 code [0x000001df120a5e40, 0x000001df120a6d88]
Event: 0.691 Thread 0x000001df28da91f0 1012       3       java.util.stream.PipelineHelper::<init> (5 bytes)
Event: 0.691 Thread 0x000001df28da91f0 nmethod 1012 0x000001df120a7290 code [0x000001df120a7420, 0x000001df120a7578]
Event: 0.696 Thread 0x000001df28da91f0 1013       1       ch.qos.logback.classic.Logger::getName (5 bytes)
Event: 0.696 Thread 0x000001df28da91f0 nmethod 1013 0x000001df19a09810 code [0x000001df19a099a0, 0x000001df19a09a78]

GC Heap History (0 events):
No events

Dll operation events (10 events):
Event: 0.008 Loaded shared library C:\Users\Student\.jdks\temurin-17.0.10\bin\java.dll
Event: 0.028 Loaded shared library C:\Users\Student\.jdks\temurin-17.0.10\bin\jsvml.dll
Event: 0.105 Loaded shared library C:\Users\Student\.jdks\temurin-17.0.10\bin\zip.dll
Event: 0.108 Loaded shared library C:\Users\Student\.jdks\temurin-17.0.10\bin\instrument.dll
Event: 0.115 Loaded shared library C:\Users\Student\.jdks\temurin-17.0.10\bin\net.dll
Event: 0.116 Loaded shared library C:\Users\Student\.jdks\temurin-17.0.10\bin\nio.dll
Event: 0.119 Loaded shared library C:\Users\Student\.jdks\temurin-17.0.10\bin\zip.dll
Event: 0.166 Loaded shared library C:\Users\Student\AppData\Local\JetBrains\IntelliJ IDEA Community Edition 2022.3.3\bin\breakgen64.dll
Event: 0.175 Loaded shared library C:\Users\Student\.jdks\temurin-17.0.10\bin\extnet.dll
Event: 0.210 Loaded shared library C:\Users\Student\.jdks\temurin-17.0.10\bin\jimage.dll

Deoptimization events (20 events):
Event: 0.608 Thread 0x000001df08bf2720 DEOPT PACKING pc=0x000001df19a01934 sp=0x0000009effefe3e0
Event: 0.608 Thread 0x000001df08bf2720 DEOPT UNPACKING pc=0x000001df194669a3 sp=0x0000009effefe310 mode 2
Event: 0.608 Thread 0x000001df08bf2720 Uncommon trap: trap_request=0xffffffc6 fr.pc=0x000001df19a01934 relative=0x0000000000001214
Event: 0.608 Thread 0x000001df08bf2720 Uncommon trap: reason=bimorphic_or_optimized_type_check action=maybe_recompile pc=0x000001df19a01934 method=java.util.HashMap.putVal(ILjava/lang/Object;Ljava/lang/Object;ZZ)Ljava/lang/Object; @ 56 c2
Event: 0.608 Thread 0x000001df08bf2720 DEOPT PACKING pc=0x000001df19a01934 sp=0x0000009effefe3e0
Event: 0.608 Thread 0x000001df08bf2720 DEOPT UNPACKING pc=0x000001df194669a3 sp=0x0000009effefe310 mode 2
Event: 0.608 Thread 0x000001df08bf2720 Uncommon trap: trap_request=0xffffffc6 fr.pc=0x000001df19a01934 relative=0x0000000000001214
Event: 0.608 Thread 0x000001df08bf2720 Uncommon trap: reason=bimorphic_or_optimized_type_check action=maybe_recompile pc=0x000001df19a01934 method=java.util.HashMap.putVal(ILjava/lang/Object;Ljava/lang/Object;ZZ)Ljava/lang/Object; @ 56 c2
Event: 0.608 Thread 0x000001df08bf2720 DEOPT PACKING pc=0x000001df19a01934 sp=0x0000009effefe3e0
Event: 0.608 Thread 0x000001df08bf2720 DEOPT UNPACKING pc=0x000001df194669a3 sp=0x0000009effefe310 mode 2
Event: 0.608 Thread 0x000001df08bf2720 Uncommon trap: trap_request=0xffffffc6 fr.pc=0x000001df19a01934 relative=0x0000000000001214
Event: 0.608 Thread 0x000001df08bf2720 Uncommon trap: reason=bimorphic_or_optimized_type_check action=maybe_recompile pc=0x000001df19a01934 method=java.util.HashMap.putVal(ILjava/lang/Object;Ljava/lang/Object;ZZ)Ljava/lang/Object; @ 56 c2
Event: 0.608 Thread 0x000001df08bf2720 DEOPT PACKING pc=0x000001df19a01934 sp=0x0000009effefe3e0
Event: 0.608 Thread 0x000001df08bf2720 DEOPT UNPACKING pc=0x000001df194669a3 sp=0x0000009effefe310 mode 2
Event: 0.631 Thread 0x000001df08bf2720 DEOPT PACKING pc=0x000001df11f5b238 sp=0x0000009effefe570
Event: 0.631 Thread 0x000001df08bf2720 DEOPT UNPACKING pc=0x000001df19467143 sp=0x0000009effefda88 mode 0
Event: 0.685 Thread 0x000001df08bf2720 Uncommon trap: trap_request=0xffffffde fr.pc=0x000001df199bcfec relative=0x000000000000048c
Event: 0.685 Thread 0x000001df08bf2720 Uncommon trap: reason=class_check action=maybe_recompile pc=0x000001df199bcfec method=java.util.HashMap.putVal(ILjava/lang/Object;Ljava/lang/Object;ZZ)Ljava/lang/Object; @ 253 c2
Event: 0.685 Thread 0x000001df08bf2720 DEOPT PACKING pc=0x000001df199bcfec sp=0x0000009effefef40
Event: 0.685 Thread 0x000001df08bf2720 DEOPT UNPACKING pc=0x000001df194669a3 sp=0x0000009effefef10 mode 2

Classes unloaded (0 events):
No events

Classes redefined (0 events):
No events

Internal exceptions (18 events):
Event: 0.169 Thread 0x000001df6e4486b0 Exception <a 'java/lang/NoSuchMethodError'{0x000000008bd9e798}: 'java.lang.Object java.lang.invoke.DirectMethodHandle$Holder.invokeStaticInit(java.lang.Object)'> (0x000000008bd9e798) 
thrown [s\src\hotspot\share\interpreter\linkResolver.cpp, line 759]
Event: 0.176 Thread 0x000001df6e4486b0 Exception <a 'java/lang/NoSuchMethodError'{0x000000008bdad0b8}: 'void java.lang.invoke.DirectMethodHandle$Holder.invokeStatic(java.lang.Object, java.lang.Object)'> (0x000000008bdad0b8) 
thrown [s\src\hotspot\share\interpreter\linkResolver.cpp, line 759]
Event: 0.258 Thread 0x000001df08bf2720 Exception <a 'java/lang/ClassNotFoundException'{0x000000008ba294f8}: javax/smartcardio/CardPermission> (0x000000008ba294f8) 
thrown [s\src\hotspot\share\classfile\systemDictionary.cpp, line 256]
Event: 0.262 Thread 0x000001df08bf2720 Exception <a 'java/io/FileNotFoundException'{0x000000008ba377c0}> (0x000000008ba377c0) 
thrown [s\src\hotspot\share\prims\jni.cpp, line 516]
Event: 0.296 Thread 0x000001df08bf2720 Exception <a 'java/lang/NoSuchMethodError'{0x000000008bab3e10}: 'java.lang.Object java.lang.invoke.DirectMethodHandle$Holder.invokeSpecial(java.lang.Object, java.lang.Object, java.lang.Object, long, java.lang.Object)'> (0x000000008bab3e10) 
thrown [s\src\hotspot\share\interpreter\linkResolver.cpp, line 759]
Event: 0.297 Thread 0x000001df08bf2720 Exception <a 'java/lang/NoSuchMethodError'{0x000000008bab79e0}: 'java.lang.Object java.lang.invoke.Invokers$Holder.linkToTargetMethod(java.lang.Object, long, java.lang.Object, java.lang.Object)'> (0x000000008bab79e0) 
thrown [s\src\hotspot\share\interpreter\linkResolver.cpp, line 759]
Event: 0.373 Thread 0x000001df08bf2720 Exception <a 'java/lang/NoSuchMethodError'{0x000000008b8b7310}: 'void java.lang.invoke.DirectMethodHandle$Holder.invokeStatic(java.lang.Object, java.lang.Object, java.lang.Object, java.lang.Object)'> (0x000000008b8b7310) 
thrown [s\src\hotspot\share\interpreter\linkResolver.cpp, line 759]
Event: 0.423 Thread 0x000001df08bf2720 Exception <a 'java/lang/NoSuchMethodError'{0x000000008b7ce218}: 'int java.lang.invoke.DirectMethodHandle$Holder.invokeStaticInit(java.lang.Object, java.lang.Object)'> (0x000000008b7ce218) 
thrown [s\src\hotspot\share\interpreter\linkResolver.cpp, line 759]
Event: 0.437 Thread 0x000001df08bf2720 Exception <a 'java/lang/NoSuchMethodError'{0x000000008b6121a8}: 'void java.lang.invoke.DirectMethodHandle$Holder.invokeInterface(java.lang.Object, java.lang.Object, java.lang.Object, java.lang.Object)'> (0x000000008b6121a8) 
thrown [s\src\hotspot\share\interpreter\linkResolver.cpp, line 759]
Event: 0.521 Thread 0x000001df08bf2720 Exception <a 'java/lang/NoSuchMethodError'{0x000000008b5d7680}: 'java.lang.Object java.lang.invoke.DirectMethodHandle$Holder.invokeInterface(java.lang.Object, java.lang.Object)'> (0x000000008b5d7680) 
thrown [s\src\hotspot\share\interpreter\linkResolver.cpp, line 759]
Event: 0.526 Thread 0x000001df08bf2720 Exception <a 'java/lang/NoSuchMethodError'{0x000000008b411728}: 'void java.lang.invoke.DirectMethodHandle$Holder.invokeStatic(java.lang.Object, java.lang.Object, java.lang.Object)'> (0x000000008b411728) 
thrown [s\src\hotspot\share\interpreter\linkResolver.cpp, line 759]
Event: 0.529 Thread 0x000001df08bf2720 Exception <a 'java/lang/NoSuchMethodError'{0x000000008b427110}: 'java.lang.Object java.lang.invoke.DirectMethodHandle$Holder.invokeSpecialIFC(java.lang.Object, java.lang.Object, java.lang.Object, java.lang.Object)'> (0x000000008b427110) 
thrown [s\src\hotspot\share\interpreter\linkResolver.cpp, line 759]
Event: 0.532 Thread 0x000001df08bf2720 Exception <a 'java/lang/NoSuchMethodError'{0x000000008b443118}: 'java.lang.Object java.lang.invoke.DirectMethodHandle$Holder.invokeInterface(java.lang.Object, java.lang.Object, java.lang.Object)'> (0x000000008b443118) 
thrown [s\src\hotspot\share\interpreter\linkResolver.cpp, line 759]
Event: 0.556 Thread 0x000001df08bf2720 Exception <a 'java/lang/NoSuchMethodError'{0x000000008b320068}: 'int java.lang.invoke.DirectMethodHandle$Holder.invokeStaticInit(java.lang.Object, java.lang.Object, java.lang.Object)'> (0x000000008b320068) 
thrown [s\src\hotspot\share\interpreter\linkResolver.cpp, line 759]
Event: 0.564 Thread 0x000001df08bf2720 Exception <a 'java/lang/NoSuchMethodError'{0x000000008b3791d8}: 'java.lang.Object java.lang.invoke.DirectMethodHandle$Holder.newInvokeSpecial(java.lang.Object, java.lang.Object, java.lang.Object, java.lang.Object, java.lang.Object)'> (0x000000008b3791d8) 
thrown [s\src\hotspot\share\interpreter\linkResolver.cpp, line 759]
Event: 0.570 Thread 0x000001df08bf2720 Exception <a 'java/lang/NoSuchMethodError'{0x000000008b3c8160}: 'java.lang.Object java.lang.invoke.DirectMethodHandle$Holder.invokeStaticInit(java.lang.Object, java.lang.Object, java.lang.Object)'> (0x000000008b3c8160) 
thrown [s\src\hotspot\share\interpreter\linkResolver.cpp, line 759]
Event: 0.591 Thread 0x000001df08bf2720 Exception <a 'java/lang/IncompatibleClassChangeError'{0x000000008b24b5d8}: Found class java.lang.Object, but interface was expected> (0x000000008b24b5d8) 
thrown [s\src\hotspot\share\interpreter\linkResolver.cpp, line 826]
Event: 0.607 Thread 0x000001df08bf2720 Exception <a 'sun/nio/fs/WindowsException'{0x000000008b2c3d28}> (0x000000008b2c3d28) 
thrown [s\src\hotspot\share\prims\jni.cpp, line 516]

VM Operations (8 events):
Event: 0.091 Executing VM operation: HandshakeAllThreads
Event: 0.092 Executing VM operation: HandshakeAllThreads done
Event: 0.168 Executing VM operation: HandshakeAllThreads
Event: 0.168 Executing VM operation: HandshakeAllThreads done
Event: 0.214 Executing VM operation: HandshakeAllThreads
Event: 0.214 Executing VM operation: HandshakeAllThreads done
Event: 0.608 Executing VM operation: HandshakeAllThreads
Event: 0.608 Executing VM operation: HandshakeAllThreads done

Events (20 events):
Event: 0.661 loading class java/time/DateTimeException done
Event: 0.661 loading class java/time/format/DateTimeParseException done
Event: 0.662 loading class java/time/OffsetTime
Event: 0.663 loading class java/time/OffsetTime done
Event: 0.664 loading class java/time/Year
Event: 0.664 loading class java/time/Year done
Event: 0.665 loading class java/time/Month
Event: 0.665 loading class java/time/Month done
Event: 0.666 loading class java/time/YearMonth
Event: 0.666 loading class java/time/YearMonth done
Event: 0.667 loading class java/time/MonthDay
Event: 0.667 loading class java/time/MonthDay done
Event: 0.670 loading class sun/reflect/generics/tree/CharSignature
Event: 0.670 loading class sun/reflect/generics/tree/CharSignature done
Event: 0.670 loading class sun/reflect/generics/tree/ArrayTypeSignature
Event: 0.670 loading class sun/reflect/generics/tree/ArrayTypeSignature done
Event: 0.672 loading class java/net/UnknownHostException
Event: 0.672 loading class java/net/UnknownHostException done
Event: 0.681 loading class sun/reflect/generics/tree/ByteSignature
Event: 0.681 loading class sun/reflect/generics/tree/ByteSignature done


Dynamic libraries:
0x00007ff693b40000 - 0x00007ff693b4e000 	C:\Users\Student\.jdks\temurin-17.0.10\bin\java.exe
0x00007ffbafb10000 - 0x00007ffbafd26000 	C:\WINDOWS\SYSTEM32\ntdll.dll
0x00007ffbade50000 - 0x00007ffbadf14000 	C:\WINDOWS\System32\KERNEL32.DLL
0x00007ffbad000000 - 0x00007ffbad3a6000 	C:\WINDOWS\System32\KERNELBASE.dll
0x00007ffbad520000 - 0x00007ffbad631000 	C:\WINDOWS\System32\ucrtbase.dll
0x00007ffb81c40000 - 0x00007ffb81c5b000 	C:\Users\Student\.jdks\temurin-17.0.10\bin\VCRUNTIME140.dll
0x00007ffb87f60000 - 0x00007ffb87f77000 	C:\Users\Student\.jdks\temurin-17.0.10\bin\jli.dll
0x00007ffbad860000 - 0x00007ffbada0d000 	C:\WINDOWS\System32\USER32.dll
0x00007ffb88940000 - 0x00007ffb88bd3000 	C:\WINDOWS\WinSxS\amd64_microsoft.windows.common-controls_6595b64144ccf1df_6.0.22621.3235_none_270f74e173860f98\COMCTL32.dll
0x00007ffbad670000 - 0x00007ffbad696000 	C:\WINDOWS\System32\win32u.dll
0x00007ffbadcc0000 - 0x00007ffbadd67000 	C:\WINDOWS\System32\msvcrt.dll
0x00007ffbade00000 - 0x00007ffbade29000 	C:\WINDOWS\System32\GDI32.dll
0x00007ffbad740000 - 0x00007ffbad858000 	C:\WINDOWS\System32\gdi32full.dll
0x00007ffbad6a0000 - 0x00007ffbad73a000 	C:\WINDOWS\System32\msvcp_win.dll
0x00007ffbaea10000 - 0x00007ffbaea41000 	C:\WINDOWS\System32\IMM32.DLL
0x00007ffb944d0000 - 0x00007ffb944dc000 	C:\Users\Student\.jdks\temurin-17.0.10\bin\vcruntime140_1.dll
0x00007ffb41cc0000 - 0x00007ffb41d4d000 	C:\Users\Student\.jdks\temurin-17.0.10\bin\msvcp140.dll
0x00007ffb26c10000 - 0x00007ffb27872000 	C:\Users\Student\.jdks\temurin-17.0.10\bin\server\jvm.dll
0x00007ffbaed10000 - 0x00007ffbaedc2000 	C:\WINDOWS\System32\ADVAPI32.dll
0x00007ffbadb10000 - 0x00007ffbadbb8000 	C:\WINDOWS\System32\sechost.dll
0x00007ffbad640000 - 0x00007ffbad668000 	C:\WINDOWS\System32\bcrypt.dll
0x00007ffbaf8a0000 - 0x00007ffbaf9b5000 	C:\WINDOWS\System32\RPCRT4.dll
0x00007ffbacb70000 - 0x00007ffbacbbd000 	C:\WINDOWS\SYSTEM32\POWRPROF.dll
0x00007ffb992c0000 - 0x00007ffb992f4000 	C:\WINDOWS\SYSTEM32\WINMM.dll
0x00007ffba7cc0000 - 0x00007ffba7cc9000 	C:\WINDOWS\SYSTEM32\WSOCK32.dll
0x00007ffba5570000 - 0x00007ffba557a000 	C:\WINDOWS\SYSTEM32\VERSION.dll
0x00007ffbadbc0000 - 0x00007ffbadc31000 	C:\WINDOWS\System32\WS2_32.dll
0x00007ffbacb50000 - 0x00007ffbacb63000 	C:\WINDOWS\SYSTEM32\UMPDC.dll
0x00007ffbabe90000 - 0x00007ffbabea8000 	C:\WINDOWS\SYSTEM32\kernel.appcore.dll
0x00007ffb8ae80000 - 0x00007ffb8ae8a000 	C:\Users\Student\.jdks\temurin-17.0.10\bin\jimage.dll
0x00007ffb99e90000 - 0x00007ffb9a0c3000 	C:\WINDOWS\SYSTEM32\DBGHELP.DLL
0x00007ffbadfd0000 - 0x00007ffbae358000 	C:\WINDOWS\System32\combase.dll
0x00007ffbada30000 - 0x00007ffbadb07000 	C:\WINDOWS\System32\OLEAUT32.dll
0x00007ffb9ac90000 - 0x00007ffb9acc2000 	C:\WINDOWS\SYSTEM32\dbgcore.DLL
0x00007ffbacf80000 - 0x00007ffbacffa000 	C:\WINDOWS\System32\bcryptPrimitives.dll
0x00007ffba8470000 - 0x00007ffba847e000 	C:\Users\Student\.jdks\temurin-17.0.10\bin\instrument.dll
0x00007ffb7dbb0000 - 0x00007ffb7dbd5000 	C:\Users\Student\.jdks\temurin-17.0.10\bin\java.dll
0x00007ffb26b30000 - 0x00007ffb26c07000 	C:\Users\Student\.jdks\temurin-17.0.10\bin\jsvml.dll
0x00007ffbaee40000 - 0x00007ffbaf69d000 	C:\WINDOWS\System32\SHELL32.dll
0x00007ffbaadb0000 - 0x00007ffbab6a8000 	C:\WINDOWS\SYSTEM32\windows.storage.dll
0x00007ffbaac70000 - 0x00007ffbaadae000 	C:\WINDOWS\SYSTEM32\wintypes.dll
0x00007ffbaf9c0000 - 0x00007ffbafab3000 	C:\WINDOWS\System32\SHCORE.dll
0x00007ffbae840000 - 0x00007ffbae89e000 	C:\WINDOWS\System32\shlwapi.dll
0x00007ffbacd80000 - 0x00007ffbacda6000 	C:\WINDOWS\SYSTEM32\profapi.dll
0x00007ffb649e0000 - 0x00007ffb649f8000 	C:\Users\Student\.jdks\temurin-17.0.10\bin\zip.dll
0x00007ffb7d3e0000 - 0x00007ffb7d3f9000 	C:\Users\Student\.jdks\temurin-17.0.10\bin\net.dll
0x00007ffba70b0000 - 0x00007ffba71e7000 	C:\WINDOWS\SYSTEM32\WINHTTP.dll
0x00007ffbac310000 - 0x00007ffbac379000 	C:\WINDOWS\system32\mswsock.dll
0x00007ffb6abd0000 - 0x00007ffb6abe6000 	C:\Users\Student\.jdks\temurin-17.0.10\bin\nio.dll
0x00007ffba8450000 - 0x00007ffba846a000 	C:\Users\Student\AppData\Local\JetBrains\IntelliJ IDEA Community Edition 2022.3.3\bin\breakgen64.dll
0x00007ffb87f50000 - 0x00007ffb87f59000 	C:\Users\Student\.jdks\temurin-17.0.10\bin\extnet.dll

dbghelp: loaded successfully - version: 4.0.5 - missing functions: none
symbol engine: initialized successfully - sym options: 0x614 - pdb path: .;C:\Users\Student\.jdks\temurin-17.0.10\bin;C:\WINDOWS\SYSTEM32;C:\WINDOWS\WinSxS\amd64_microsoft.windows.common-controls_6595b64144ccf1df_6.0.22621.3235_none_270f74e173860f98;C:\Users\Student\.jdks\temurin-17.0.10\bin\server;C:\Users\Student\AppData\Local\JetBrains\IntelliJ IDEA Community Edition 2022.3.3\bin

VM Arguments:
jvm_args: -javaagent:C:\Users\Student\AppData\Local\JetBrains\IntelliJ IDEA Community Edition 2022.3.3\lib\idea_rt.jar=51775:C:\Users\Student\AppData\Local\JetBrains\IntelliJ IDEA Community Edition 2022.3.3\bin -Dfile.encoding=UTF-8 
java_command: com.example.demo.DemoApplication
java_class_path (initial): C:\Users\Student\Downloads\spring-boot-lib-demo\demo\target\classes;C:\Users\Student\.m2\repository\org\springframework\boot\spring-boot-starter-jdbc\3.2.4\spring-boot-starter-jdbc-3.2.4.jar;C:\Users\Student\.m2\repository\org\springframework\boot\spring-boot-starter\3.2.4\spring-boot-starter-3.2.4.jar;C:\Users\Student\.m2\repository\org\springframework\boot\spring-boot\3.2.4\spring-boot-3.2.4.jar;C:\Users\Student\.m2\repository\org\springframework\boot\spring-boot-autoconfigure\3.2.4\spring-boot-autoconfigure-3.2.4.jar;C:\Users\Student\.m2\repository\org\springframework\boot\spring-boot-starter-logging\3.2.4\spring-boot-starter-logging-3.2.4.jar;C:\Users\Student\.m2\repository\ch\qos\logback\logback-classic\1.4.14\logback-classic-1.4.14.jar;C:\Users\Student\.m2\repository\ch\qos\logback\logback-core\1.4.14\logback-core-1.4.14.jar;C:\Users\Student\.m2\repository\org\apache\logging\log4j\log4j-to-slf4j\2.21.1\log4j-to-slf4j-2.21.1.jar;C:\Users\Student\.m2\repository\org\apache\logging\log4j\log4j-api\2.21.1\log4j-api-2.21.1.jar;C:\Users\Student\.m2\repository\org\slf4j\jul-to-slf4j\2.0.12\jul-to-slf4j-2.0.12.jar;C:\Users\Student\.m2\repository\jakarta\annotation\jakarta.annotation-api\2.1.1\jakarta.annotation-api-2.1.1.jar;C:\Users\Student\.m2\repository\org\yaml\snakeyaml\2.2\snakeyaml-2.2.jar;C:\Users\Student\.m2\repository\com\zaxxer\HikariCP\5.0.1\HikariCP-5.0.1.jar;C:\Users\Student\.m2\repository\org\slf4j\slf4j-api\2.0.12\slf4j-api-2.0.12.jar;C:\Users\Student\.m2\repository\org\springframework\spring-jdbc\6.1.5\spring-jdbc-6.1.5.jar;C:\Users\Student\.m2\repository\org\springframework\spring-beans\6.1.5\spring-beans-6.1.5.jar;C:\Users\Student\.m2\repository\org\springframework\spring-tx\6.1.5\spring-tx-6.1.5.jar;C:\Users\Student\.m2\repository\org\springframework\boot\spring-boot-starter-thymeleaf\3.2.4\spring-boot-starter-thymeleaf-3.2.4.jar;C:\Users\Student\.m2\repository\org\thymeleaf\thymeleaf-spring6\3.1.2.RELEASE\thymeleaf-spri
Launcher Type: SUN_STANDARD

[Global flags]
     intx CICompilerCount                          = 4                                         {product} {ergonomic}
     uint ConcGCThreads                            = 2                                         {product} {ergonomic}
     uint G1ConcRefinementThreads                  = 8                                         {product} {ergonomic}
   size_t G1HeapRegionSize                         = 1048576                                   {product} {ergonomic}
    uintx GCDrainStackTargetSize                   = 64                                        {product} {ergonomic}
   size_t InitialHeapSize                          = 130023424                                 {product} {ergonomic}
   size_t MarkStackSize                            = 4194304                                   {product} {ergonomic}
   size_t MaxHeapSize                              = 2074083328                                {product} {ergonomic}
   size_t MaxNewSize                               = 1243611136                                {product} {ergonomic}
   size_t MinHeapDeltaBytes                        = 1048576                                   {product} {ergonomic}
   size_t MinHeapSize                              = 8388608                                   {product} {ergonomic}
    uintx NonNMethodCodeHeapSize                   = 5839372                                {pd product} {ergonomic}
    uintx NonProfiledCodeHeapSize                  = 122909434                              {pd product} {ergonomic}
    uintx ProfiledCodeHeapSize                     = 122909434                              {pd product} {ergonomic}
    uintx ReservedCodeCacheSize                    = 251658240                              {pd product} {ergonomic}
     bool SegmentedCodeCache                       = true                                      {product} {ergonomic}
   size_t SoftMaxHeapSize                          = 2074083328                             {manageable} {ergonomic}
     bool UseCompressedClassPointers               = true                           {product lp64_product} {ergonomic}
     bool UseCompressedOops                        = true                           {product lp64_product} {ergonomic}
     bool UseG1GC                                  = true                                      {product} {ergonomic}
     bool UseLargePagesIndividualAllocation        = false                                  {pd product} {ergonomic}

Logging:
Log output configuration:
 #0: stdout all=warning uptime,level,tags
 #1: stderr all=off uptime,level,tags

Environment Variables:
PATH=C:\ProgramData\Oracle\Java\javapath;C:\WINDOWS\system32;C:\WINDOWS;C:\WINDOWS\System32\Wbem;C:\WINDOWS\System32\WindowsPowerShell\v1.0\;C:\WINDOWS\System32\OpenSSH\;C:\Users\Student\AppData\Local\Microsoft\WindowsApps;;C:\Users\Student\AppData\Local\JetBrains\IntelliJ IDEA Community Edition 2023.3.6\bin;;C:\Users\Student\AppData\Local\Programs\Microsoft VS Code\bin
USERNAME=Student
OS=Windows_NT
PROCESSOR_IDENTIFIER=Intel64 Family 6 Model 165 Stepping 3, GenuineIntel
TMP=C:\Users\Student\AppData\Local\Temp
TEMP=C:\Users\Student\AppData\Local\Temp



Periodic native trim disabled


---------------  S Y S T E M  ---------------

OS:
 Windows 11 , 64 bit Build 22621 (10.0.22621.3235)
OS uptime: 0 days 4:06 hours

CPU: total 8 (initial active 8) (4 cores per cpu, 2 threads per core) family 6 model 165 stepping 3 microcode 0xec, cx8, cmov, fxsr, ht, mmx, 3dnowpref, sse, sse2, sse3, ssse3, sse4.1, sse4.2, popcnt, lzcnt, tsc, tscinvbit, avx, avx2, aes, erms, clmul, bmi1, bmi2, adx, fma, vzeroupper, clflush, clflushopt
Processor Information for all 8 processors :
  Max Mhz: 3701, Current Mhz: 3701, Mhz Limit: 3701

Memory: 4k page, system-wide physical 7904M (1222M free)
TotalPageFile size 10111M (AvailPageFile size 1M)
current process WorkingSet (physical memory assigned to process): 70M, peak: 70M
current process commit charge ("private bytes"): 220M, peak: 221M

vm_info: OpenJDK 64-Bit Server VM (17.0.10+7) for windows-amd64 JRE (17.0.10+7), built on Jan 16 2024 23:25:11 by "admin" with MS VC++ 16.10 / 16.11 (VS2019)

END.
