#
# There is insufficient memory for the Java Runtime Environment to continue.
# Native memory allocation (malloc) failed to allocate 521616 bytes for Chunk::new
# Possible reasons:
#   The system is out of physical RAM or swap space
#   The process is running with CompressedOops enabled, and the Java Heap may be blocking the growth of the native heap
# Possible solutions:
#   Reduce memory load on the system
#   Increase physical memory or swap space
#   Check if swap backing store is full
#   Decrease Java heap size (-Xmx/-Xms)
#   Decrease number of Java threads
#   Decrease Java thread stack sizes (-Xss)
#   Set larger code cache with -XX:ReservedCodeCacheSize=
#   JVM is running with Unscaled Compressed Oops mode in which the Java heap is
#     placed in the first 4GB address space. The Java Heap base address is the
#     maximum limit for the native heap growth. Please use -XX:HeapBaseMinAddress
#     to set the Java Heap base and to place the Java Heap above 4GB virtual address.
# This output file may be truncated or incomplete.
#
#  Out of Memory Error (arena.cpp:191), pid=14764, tid=7204
#
# JRE version: OpenJDK Runtime Environment Temurin-17.0.10+7 (17.0.10+7) (build 17.0.10+7)
# Java VM: OpenJDK 64-Bit Server VM Temurin-17.0.10+7 (17.0.10+7, mixed mode, sharing, tiered, compressed oops, compressed class ptrs, g1 gc, windows-amd64)
# No core dump will be written. Minidumps are not enabled by default on client versions of Windows
#

---------------  S U M M A R Y ------------

Command Line: -javaagent:C:\Users\Student\AppData\Local\JetBrains\IntelliJ IDEA Community Edition 2022.3.3\lib\idea_rt.jar=51261:C:\Users\Student\AppData\Local\JetBrains\IntelliJ IDEA Community Edition 2022.3.3\bin -Dfile.encoding=UTF-8 com.example.demo.DemoApplication

Host: Intel(R) Core(TM) i3-10105 CPU @ 3.70GHz, 8 cores, 7G,  Windows 11 , 64 bit Build 22621 (10.0.22621.3235)
Time: Tue Apr  2 10:56:25 2024 India Standard Time elapsed time: 0.898052 seconds (0d 0h 0m 0s)

---------------  T H R E A D  ---------------

Current thread (0x0000017458239d00):  JavaThread "C2 CompilerThread1" daemon [_thread_in_native, id=7204, stack(0x00000073e8f00000,0x00000073e9000000)]


Current CompileTask:
C2:    898 1476       4       jdk.internal.loader.URLClassPath::getResource (74 bytes)

Stack: [0x00000073e8f00000,0x00000073e9000000]
Native frames: (J=compiled Java code, j=interpreted, Vv=VM code, C=native code)
V  [jvm.dll+0x67d2c9]
V  [jvm.dll+0x834afa]
V  [jvm.dll+0x8365be]
V  [jvm.dll+0x836c23]
V  [jvm.dll+0x2477ff]
V  [jvm.dll+0xac514]
V  [jvm.dll+0xacb5c]
V  [jvm.dll+0x366782]
V  [jvm.dll+0x330bfa]
V  [jvm.dll+0x33009a]
V  [jvm.dll+0x219ef1]
V  [jvm.dll+0x219311]
V  [jvm.dll+0x1a502d]
V  [jvm.dll+0x2290de]
V  [jvm.dll+0x2272ac]
V  [jvm.dll+0x7e9bb7]
V  [jvm.dll+0x7e3fba]
V  [jvm.dll+0x67c1b5]
C  [ucrtbase.dll+0x29363]
C  [KERNEL32.DLL+0x1257d]
C  [ntdll.dll+0x5aa58]


---------------  P R O C E S S  ---------------

Threads class SMR info:
_java_thread_list=0x00000174589c1160, length=15, elements={
0x00000174746e21d0, 0x000001747fa24820, 0x000001747fa254a0, 0x000001747fa37ff0,
0x000001747fa388c0, 0x000001747fa39280, 0x000001747fa39c40, 0x00000174580383c0,
0x000001747fa42610, 0x000001747fa42f20, 0x000001747fa0b110, 0x0000017458239d00,
0x000001745842d680, 0x000001745865f730, 0x0000017458a06eb0
}

Java Threads: ( => current thread )
  0x00000174746e21d0 JavaThread "main" [_thread_in_vm, id=11908, stack(0x00000073e7e00000,0x00000073e7f00000)]
  0x000001747fa24820 JavaThread "Reference Handler" daemon [_thread_blocked, id=6612, stack(0x00000073e8500000,0x00000073e8600000)]
  0x000001747fa254a0 JavaThread "Finalizer" daemon [_thread_blocked, id=5420, stack(0x00000073e8600000,0x00000073e8700000)]
  0x000001747fa37ff0 JavaThread "Signal Dispatcher" daemon [_thread_blocked, id=3800, stack(0x00000073e8700000,0x00000073e8800000)]
  0x000001747fa388c0 JavaThread "Attach Listener" daemon [_thread_blocked, id=13212, stack(0x00000073e8800000,0x00000073e8900000)]
  0x000001747fa39280 JavaThread "Service Thread" daemon [_thread_blocked, id=3252, stack(0x00000073e8900000,0x00000073e8a00000)]
  0x000001747fa39c40 JavaThread "Monitor Deflation Thread" daemon [_thread_blocked, id=9416, stack(0x00000073e8a00000,0x00000073e8b00000)]
  0x00000174580383c0 JavaThread "C2 CompilerThread0" daemon [_thread_in_native, id=1832, stack(0x00000073e8b00000,0x00000073e8c00000)]
  0x000001747fa42610 JavaThread "C1 CompilerThread0" daemon [_thread_blocked, id=9500, stack(0x00000073e8c00000,0x00000073e8d00000)]
  0x000001747fa42f20 JavaThread "Sweeper thread" daemon [_thread_blocked, id=12284, stack(0x00000073e8d00000,0x00000073e8e00000)]
  0x000001747fa0b110 JavaThread "Common-Cleaner" daemon [_thread_blocked, id=4784, stack(0x00000073e8e00000,0x00000073e8f00000)]
=>0x0000017458239d00 JavaThread "C2 CompilerThread1" daemon [_thread_in_native, id=7204, stack(0x00000073e8f00000,0x00000073e9000000)]
  0x000001745842d680 JavaThread "Monitor Ctrl-Break" daemon [_thread_in_native, id=15140, stack(0x00000073e9000000,0x00000073e9100000)]
  0x000001745865f730 JavaThread "Notification Thread" daemon [_thread_blocked, id=14104, stack(0x00000073e9100000,0x00000073e9200000)]
  0x0000017458a06eb0 JavaThread "background-preinit" [_thread_in_vm, id=15264, stack(0x00000073e9800000,0x00000073e9900000)]

Other Threads:
  0x000001747fa1ed00 VMThread "VM Thread" [stack: 0x00000073e8400000,0x00000073e8500000] [id=156]
  0x0000017458278350 WatcherThread [stack: 0x00000073e9200000,0x00000073e9300000] [id=14592]
  0x000001747473b980 GCTaskThread "GC Thread#0" [stack: 0x00000073e7f00000,0x00000073e8000000] [id=14352]
  0x0000017458a7b4b0 GCTaskThread "GC Thread#1" [stack: 0x00000073e9300000,0x00000073e9400000] [id=8584]
  0x0000017458a90cc0 GCTaskThread "GC Thread#2" [stack: 0x00000073e9400000,0x00000073e9500000] [id=7388]
  0x0000017458a90f80 GCTaskThread "GC Thread#3" [stack: 0x00000073e9500000,0x00000073e9600000] [id=15096]
  0x00000174589c91b0 GCTaskThread "GC Thread#4" [stack: 0x00000073e9600000,0x00000073e9700000] [id=13568]
  0x00000174589c9870 GCTaskThread "GC Thread#5" [stack: 0x00000073e9700000,0x00000073e9800000] [id=2964]
  0x000001747474c010 ConcurrentGCThread "G1 Main Marker" [stack: 0x00000073e8000000,0x00000073e8100000] [id=7344]
  0x000001747474ca30 ConcurrentGCThread "G1 Conc#0" [stack: 0x00000073e8100000,0x00000073e8200000] [id=9520]
  0x000001747478d860 ConcurrentGCThread "G1 Refine#0" [stack: 0x00000073e8200000,0x00000073e8300000] [id=7028]
  0x000001747478e290 ConcurrentGCThread "G1 Service" [stack: 0x00000073e8300000,0x00000073e8400000] [id=9060]

Threads with active compile tasks:
C2 CompilerThread0      908 1462       4       org.springframework.boot.context.properties.source.ConfigurationPropertyName$ElementsParser::parse (234 bytes)
C2 CompilerThread1      908 1476       4       jdk.internal.loader.URLClassPath::getResource (74 bytes)

VM state: not at safepoint (normal execution)

VM Mutex/Monitor currently owned by a thread:  ([mutex/lock_event])
[0x00000174746cf6c0] Metaspace_lock - owner thread: 0x00000174746e21d0

Heap address: 0x0000000084600000, size: 1978 MB, Compressed Oops mode: 32-bit

CDS archive(s) mapped at: [0x0000017413000000-0x0000017413bb0000-0x0000017413bb0000), size 12255232, SharedBaseAddress: 0x0000017413000000, ArchiveRelocationMode: 1.
Compressed class space mapped at: 0x0000017414000000-0x0000017454000000, reserved size: 1073741824
Narrow klass base: 0x0000017413000000, Narrow klass shift: 0, Narrow klass range: 0x100000000

GC Precious Log:
 CPUs: 8 total, 8 available
 Memory: 7904M
 Large Page Support: Disabled
 NUMA Support: Disabled
 Compressed Oops: Enabled (32-bit)
 Heap Region Size: 1M
 Heap Min Capacity: 8M
 Heap Initial Capacity: 124M
 Heap Max Capacity: 1978M
 Pre-touch: Disabled
 Parallel Workers: 8
 Concurrent Workers: 2
 Concurrent Refinement Workers: 8
 Periodic GC: Disabled

Heap:
 garbage-first heap   total 126976K, used 15944K [0x0000000084600000, 0x0000000100000000)
  region size 1024K, 15 young (15360K), 3 survivors (3072K)
 Metaspace       used 9656K, committed 9856K, reserved 1114112K
  class space    used 1178K, committed 1280K, reserved 1048576K

Heap Regions: E=young(eden), S=young(survivor), O=old, HS=humongous(starts), HC=humongous(continues), CS=collection set, F=free, OA=open archive, CA=closed archive, TAMS=top-at-mark-start (previous, next)
|   0|0x0000000084600000, 0x0000000084700000, 0x0000000084700000|100%| O|  |TAMS 0x0000000084600000, 0x0000000084600000| Untracked 
|   1|0x0000000084700000, 0x0000000084792000, 0x0000000084800000| 57%| O|  |TAMS 0x0000000084700000, 0x0000000084700000| Untracked 
|   2|0x0000000084800000, 0x0000000084800000, 0x0000000084900000|  0%| F|  |TAMS 0x0000000084800000, 0x0000000084800000| Untracked 
|   3|0x0000000084900000, 0x0000000084900000, 0x0000000084a00000|  0%| F|  |TAMS 0x0000000084900000, 0x0000000084900000| Untracked 
|   4|0x0000000084a00000, 0x0000000084a00000, 0x0000000084b00000|  0%| F|  |TAMS 0x0000000084a00000, 0x0000000084a00000| Untracked 
|   5|0x0000000084b00000, 0x0000000084b00000, 0x0000000084c00000|  0%| F|  |TAMS 0x0000000084b00000, 0x0000000084b00000| Untracked 
|   6|0x0000000084c00000, 0x0000000084c00000, 0x0000000084d00000|  0%| F|  |TAMS 0x0000000084c00000, 0x0000000084c00000| Untracked 
|   7|0x0000000084d00000, 0x0000000084d00000, 0x0000000084e00000|  0%| F|  |TAMS 0x0000000084d00000, 0x0000000084d00000| Untracked 
|   8|0x0000000084e00000, 0x0000000084e00000, 0x0000000084f00000|  0%| F|  |TAMS 0x0000000084e00000, 0x0000000084e00000| Untracked 
|   9|0x0000000084f00000, 0x0000000084f00000, 0x0000000085000000|  0%| F|  |TAMS 0x0000000084f00000, 0x0000000084f00000| Untracked 
|  10|0x0000000085000000, 0x0000000085000000, 0x0000000085100000|  0%| F|  |TAMS 0x0000000085000000, 0x0000000085000000| Untracked 
|  11|0x0000000085100000, 0x0000000085100000, 0x0000000085200000|  0%| F|  |TAMS 0x0000000085100000, 0x0000000085100000| Untracked 
|  12|0x0000000085200000, 0x0000000085200000, 0x0000000085300000|  0%| F|  |TAMS 0x0000000085200000, 0x0000000085200000| Untracked 
|  13|0x0000000085300000, 0x0000000085300000, 0x0000000085400000|  0%| F|  |TAMS 0x0000000085300000, 0x0000000085300000| Untracked 
|  14|0x0000000085400000, 0x0000000085400000, 0x0000000085500000|  0%| F|  |TAMS 0x0000000085400000, 0x0000000085400000| Untracked 
|  15|0x0000000085500000, 0x0000000085500000, 0x0000000085600000|  0%| F|  |TAMS 0x0000000085500000, 0x0000000085500000| Untracked 
|  16|0x0000000085600000, 0x0000000085600000, 0x0000000085700000|  0%| F|  |TAMS 0x0000000085600000, 0x0000000085600000| Untracked 
|  17|0x0000000085700000, 0x0000000085700000, 0x0000000085800000|  0%| F|  |TAMS 0x0000000085700000, 0x0000000085700000| Untracked 
|  18|0x0000000085800000, 0x0000000085800000, 0x0000000085900000|  0%| F|  |TAMS 0x0000000085800000, 0x0000000085800000| Untracked 
|  19|0x0000000085900000, 0x0000000085900000, 0x0000000085a00000|  0%| F|  |TAMS 0x0000000085900000, 0x0000000085900000| Untracked 
|  20|0x0000000085a00000, 0x0000000085a00000, 0x0000000085b00000|  0%| F|  |TAMS 0x0000000085a00000, 0x0000000085a00000| Untracked 
|  21|0x0000000085b00000, 0x0000000085b00000, 0x0000000085c00000|  0%| F|  |TAMS 0x0000000085b00000, 0x0000000085b00000| Untracked 
|  22|0x0000000085c00000, 0x0000000085c00000, 0x0000000085d00000|  0%| F|  |TAMS 0x0000000085c00000, 0x0000000085c00000| Untracked 
|  23|0x0000000085d00000, 0x0000000085d00000, 0x0000000085e00000|  0%| F|  |TAMS 0x0000000085d00000, 0x0000000085d00000| Untracked 
|  24|0x0000000085e00000, 0x0000000085e00000, 0x0000000085f00000|  0%| F|  |TAMS 0x0000000085e00000, 0x0000000085e00000| Untracked 
|  25|0x0000000085f00000, 0x0000000085f00000, 0x0000000086000000|  0%| F|  |TAMS 0x0000000085f00000, 0x0000000085f00000| Untracked 
|  26|0x0000000086000000, 0x0000000086000000, 0x0000000086100000|  0%| F|  |TAMS 0x0000000086000000, 0x0000000086000000| Untracked 
|  27|0x0000000086100000, 0x0000000086100000, 0x0000000086200000|  0%| F|  |TAMS 0x0000000086100000, 0x0000000086100000| Untracked 
|  28|0x0000000086200000, 0x0000000086200000, 0x0000000086300000|  0%| F|  |TAMS 0x0000000086200000, 0x0000000086200000| Untracked 
|  29|0x0000000086300000, 0x0000000086300000, 0x0000000086400000|  0%| F|  |TAMS 0x0000000086300000, 0x0000000086300000| Untracked 
|  30|0x0000000086400000, 0x0000000086400000, 0x0000000086500000|  0%| F|  |TAMS 0x0000000086400000, 0x0000000086400000| Untracked 
|  31|0x0000000086500000, 0x0000000086500000, 0x0000000086600000|  0%| F|  |TAMS 0x0000000086500000, 0x0000000086500000| Untracked 
|  32|0x0000000086600000, 0x0000000086600000, 0x0000000086700000|  0%| F|  |TAMS 0x0000000086600000, 0x0000000086600000| Untracked 
|  33|0x0000000086700000, 0x0000000086700000, 0x0000000086800000|  0%| F|  |TAMS 0x0000000086700000, 0x0000000086700000| Untracked 
|  34|0x0000000086800000, 0x0000000086800000, 0x0000000086900000|  0%| F|  |TAMS 0x0000000086800000, 0x0000000086800000| Untracked 
|  35|0x0000000086900000, 0x0000000086900000, 0x0000000086a00000|  0%| F|  |TAMS 0x0000000086900000, 0x0000000086900000| Untracked 
|  36|0x0000000086a00000, 0x0000000086a00000, 0x0000000086b00000|  0%| F|  |TAMS 0x0000000086a00000, 0x0000000086a00000| Untracked 
|  37|0x0000000086b00000, 0x0000000086b00000, 0x0000000086c00000|  0%| F|  |TAMS 0x0000000086b00000, 0x0000000086b00000| Untracked 
|  38|0x0000000086c00000, 0x0000000086c00000, 0x0000000086d00000|  0%| F|  |TAMS 0x0000000086c00000, 0x0000000086c00000| Untracked 
|  39|0x0000000086d00000, 0x0000000086d00000, 0x0000000086e00000|  0%| F|  |TAMS 0x0000000086d00000, 0x0000000086d00000| Untracked 
|  40|0x0000000086e00000, 0x0000000086e00000, 0x0000000086f00000|  0%| F|  |TAMS 0x0000000086e00000, 0x0000000086e00000| Untracked 
|  41|0x0000000086f00000, 0x0000000086f00000, 0x0000000087000000|  0%| F|  |TAMS 0x0000000086f00000, 0x0000000086f00000| Untracked 
|  42|0x0000000087000000, 0x0000000087000000, 0x0000000087100000|  0%| F|  |TAMS 0x0000000087000000, 0x0000000087000000| Untracked 
|  43|0x0000000087100000, 0x0000000087100000, 0x0000000087200000|  0%| F|  |TAMS 0x0000000087100000, 0x0000000087100000| Untracked 
|  44|0x0000000087200000, 0x0000000087200000, 0x0000000087300000|  0%| F|  |TAMS 0x0000000087200000, 0x0000000087200000| Untracked 
|  45|0x0000000087300000, 0x0000000087300000, 0x0000000087400000|  0%| F|  |TAMS 0x0000000087300000, 0x0000000087300000| Untracked 
|  46|0x0000000087400000, 0x0000000087400000, 0x0000000087500000|  0%| F|  |TAMS 0x0000000087400000, 0x0000000087400000| Untracked 
|  47|0x0000000087500000, 0x0000000087500000, 0x0000000087600000|  0%| F|  |TAMS 0x0000000087500000, 0x0000000087500000| Untracked 
|  48|0x0000000087600000, 0x0000000087600000, 0x0000000087700000|  0%| F|  |TAMS 0x0000000087600000, 0x0000000087600000| Untracked 
|  49|0x0000000087700000, 0x0000000087700000, 0x0000000087800000|  0%| F|  |TAMS 0x0000000087700000, 0x0000000087700000| Untracked 
|  50|0x0000000087800000, 0x0000000087800000, 0x0000000087900000|  0%| F|  |TAMS 0x0000000087800000, 0x0000000087800000| Untracked 
|  51|0x0000000087900000, 0x0000000087900000, 0x0000000087a00000|  0%| F|  |TAMS 0x0000000087900000, 0x0000000087900000| Untracked 
|  52|0x0000000087a00000, 0x0000000087a00000, 0x0000000087b00000|  0%| F|  |TAMS 0x0000000087a00000, 0x0000000087a00000| Untracked 
|  53|0x0000000087b00000, 0x0000000087b00000, 0x0000000087c00000|  0%| F|  |TAMS 0x0000000087b00000, 0x0000000087b00000| Untracked 
|  54|0x0000000087c00000, 0x0000000087c00000, 0x0000000087d00000|  0%| F|  |TAMS 0x0000000087c00000, 0x0000000087c00000| Untracked 
|  55|0x0000000087d00000, 0x0000000087d00000, 0x0000000087e00000|  0%| F|  |TAMS 0x0000000087d00000, 0x0000000087d00000| Untracked 
|  56|0x0000000087e00000, 0x0000000087e00000, 0x0000000087f00000|  0%| F|  |TAMS 0x0000000087e00000, 0x0000000087e00000| Untracked 
|  57|0x0000000087f00000, 0x0000000087f00000, 0x0000000088000000|  0%| F|  |TAMS 0x0000000087f00000, 0x0000000087f00000| Untracked 
|  58|0x0000000088000000, 0x0000000088000000, 0x0000000088100000|  0%| F|  |TAMS 0x0000000088000000, 0x0000000088000000| Untracked 
|  59|0x0000000088100000, 0x0000000088100000, 0x0000000088200000|  0%| F|  |TAMS 0x0000000088100000, 0x0000000088100000| Untracked 
|  60|0x0000000088200000, 0x0000000088200000, 0x0000000088300000|  0%| F|  |TAMS 0x0000000088200000, 0x0000000088200000| Untracked 
|  61|0x0000000088300000, 0x0000000088300000, 0x0000000088400000|  0%| F|  |TAMS 0x0000000088300000, 0x0000000088300000| Untracked 
|  62|0x0000000088400000, 0x0000000088400000, 0x0000000088500000|  0%| F|  |TAMS 0x0000000088400000, 0x0000000088400000| Untracked 
|  63|0x0000000088500000, 0x0000000088500000, 0x0000000088600000|  0%| F|  |TAMS 0x0000000088500000, 0x0000000088500000| Untracked 
|  64|0x0000000088600000, 0x0000000088600000, 0x0000000088700000|  0%| F|  |TAMS 0x0000000088600000, 0x0000000088600000| Untracked 
|  65|0x0000000088700000, 0x0000000088700000, 0x0000000088800000|  0%| F|  |TAMS 0x0000000088700000, 0x0000000088700000| Untracked 
|  66|0x0000000088800000, 0x0000000088800000, 0x0000000088900000|  0%| F|  |TAMS 0x0000000088800000, 0x0000000088800000| Untracked 
|  67|0x0000000088900000, 0x0000000088900000, 0x0000000088a00000|  0%| F|  |TAMS 0x0000000088900000, 0x0000000088900000| Untracked 
|  68|0x0000000088a00000, 0x0000000088a00000, 0x0000000088b00000|  0%| F|  |TAMS 0x0000000088a00000, 0x0000000088a00000| Untracked 
|  69|0x0000000088b00000, 0x0000000088b00000, 0x0000000088c00000|  0%| F|  |TAMS 0x0000000088b00000, 0x0000000088b00000| Untracked 
|  70|0x0000000088c00000, 0x0000000088c00000, 0x0000000088d00000|  0%| F|  |TAMS 0x0000000088c00000, 0x0000000088c00000| Untracked 
|  71|0x0000000088d00000, 0x0000000088d00000, 0x0000000088e00000|  0%| F|  |TAMS 0x0000000088d00000, 0x0000000088d00000| Untracked 
|  72|0x0000000088e00000, 0x0000000088e00000, 0x0000000088f00000|  0%| F|  |TAMS 0x0000000088e00000, 0x0000000088e00000| Untracked 
|  73|0x0000000088f00000, 0x0000000088f00000, 0x0000000089000000|  0%| F|  |TAMS 0x0000000088f00000, 0x0000000088f00000| Untracked 
|  74|0x0000000089000000, 0x0000000089000000, 0x0000000089100000|  0%| F|  |TAMS 0x0000000089000000, 0x0000000089000000| Untracked 
|  75|0x0000000089100000, 0x0000000089100000, 0x0000000089200000|  0%| F|  |TAMS 0x0000000089100000, 0x0000000089100000| Untracked 
|  76|0x0000000089200000, 0x0000000089200000, 0x0000000089300000|  0%| F|  |TAMS 0x0000000089200000, 0x0000000089200000| Untracked 
|  77|0x0000000089300000, 0x0000000089300000, 0x0000000089400000|  0%| F|  |TAMS 0x0000000089300000, 0x0000000089300000| Untracked 
|  78|0x0000000089400000, 0x0000000089400000, 0x0000000089500000|  0%| F|  |TAMS 0x0000000089400000, 0x0000000089400000| Untracked 
|  79|0x0000000089500000, 0x0000000089500000, 0x0000000089600000|  0%| F|  |TAMS 0x0000000089500000, 0x0000000089500000| Untracked 
|  80|0x0000000089600000, 0x0000000089600000, 0x0000000089700000|  0%| F|  |TAMS 0x0000000089600000, 0x0000000089600000| Untracked 
|  81|0x0000000089700000, 0x0000000089700000, 0x0000000089800000|  0%| F|  |TAMS 0x0000000089700000, 0x0000000089700000| Untracked 
|  82|0x0000000089800000, 0x0000000089800000, 0x0000000089900000|  0%| F|  |TAMS 0x0000000089800000, 0x0000000089800000| Untracked 
|  83|0x0000000089900000, 0x0000000089900000, 0x0000000089a00000|  0%| F|  |TAMS 0x0000000089900000, 0x0000000089900000| Untracked 
|  84|0x0000000089a00000, 0x0000000089a00000, 0x0000000089b00000|  0%| F|  |TAMS 0x0000000089a00000, 0x0000000089a00000| Untracked 
|  85|0x0000000089b00000, 0x0000000089b00000, 0x0000000089c00000|  0%| F|  |TAMS 0x0000000089b00000, 0x0000000089b00000| Untracked 
|  86|0x0000000089c00000, 0x0000000089c00000, 0x0000000089d00000|  0%| F|  |TAMS 0x0000000089c00000, 0x0000000089c00000| Untracked 
|  87|0x0000000089d00000, 0x0000000089d00000, 0x0000000089e00000|  0%| F|  |TAMS 0x0000000089d00000, 0x0000000089d00000| Untracked 
|  88|0x0000000089e00000, 0x0000000089e00000, 0x0000000089f00000|  0%| F|  |TAMS 0x0000000089e00000, 0x0000000089e00000| Untracked 
|  89|0x0000000089f00000, 0x0000000089f00000, 0x000000008a000000|  0%| F|  |TAMS 0x0000000089f00000, 0x0000000089f00000| Untracked 
|  90|0x000000008a000000, 0x000000008a000000, 0x000000008a100000|  0%| F|  |TAMS 0x000000008a000000, 0x000000008a000000| Untracked 
|  91|0x000000008a100000, 0x000000008a100000, 0x000000008a200000|  0%| F|  |TAMS 0x000000008a100000, 0x000000008a100000| Untracked 
|  92|0x000000008a200000, 0x000000008a200000, 0x000000008a300000|  0%| F|  |TAMS 0x000000008a200000, 0x000000008a200000| Untracked 
|  93|0x000000008a300000, 0x000000008a300000, 0x000000008a400000|  0%| F|  |TAMS 0x000000008a300000, 0x000000008a300000| Untracked 
|  94|0x000000008a400000, 0x000000008a400000, 0x000000008a500000|  0%| F|  |TAMS 0x000000008a400000, 0x000000008a400000| Untracked 
|  95|0x000000008a500000, 0x000000008a500000, 0x000000008a600000|  0%| F|  |TAMS 0x000000008a500000, 0x000000008a500000| Untracked 
|  96|0x000000008a600000, 0x000000008a600000, 0x000000008a700000|  0%| F|  |TAMS 0x000000008a600000, 0x000000008a600000| Untracked 
|  97|0x000000008a700000, 0x000000008a700000, 0x000000008a800000|  0%| F|  |TAMS 0x000000008a700000, 0x000000008a700000| Untracked 
|  98|0x000000008a800000, 0x000000008a900000, 0x000000008a900000|100%| S|CS|TAMS 0x000000008a800000, 0x000000008a800000| Complete 
|  99|0x000000008a900000, 0x000000008aa00000, 0x000000008aa00000|100%| S|CS|TAMS 0x000000008a900000, 0x000000008a900000| Complete 
| 100|0x000000008aa00000, 0x000000008ab00000, 0x000000008ab00000|100%| S|CS|TAMS 0x000000008aa00000, 0x000000008aa00000| Complete 
| 101|0x000000008ab00000, 0x000000008ab00000, 0x000000008ac00000|  0%| F|  |TAMS 0x000000008ab00000, 0x000000008ab00000| Untracked 
| 102|0x000000008ac00000, 0x000000008ac00000, 0x000000008ad00000|  0%| F|  |TAMS 0x000000008ac00000, 0x000000008ac00000| Untracked 
| 103|0x000000008ad00000, 0x000000008ad00000, 0x000000008ae00000|  0%| F|  |TAMS 0x000000008ad00000, 0x000000008ad00000| Untracked 
| 104|0x000000008ae00000, 0x000000008ae00000, 0x000000008af00000|  0%| F|  |TAMS 0x000000008ae00000, 0x000000008ae00000| Untracked 
| 105|0x000000008af00000, 0x000000008af00000, 0x000000008b000000|  0%| F|  |TAMS 0x000000008af00000, 0x000000008af00000| Untracked 
| 106|0x000000008b000000, 0x000000008b000000, 0x000000008b100000|  0%| F|  |TAMS 0x000000008b000000, 0x000000008b000000| Untracked 
| 107|0x000000008b100000, 0x000000008b100000, 0x000000008b200000|  0%| F|  |TAMS 0x000000008b100000, 0x000000008b100000| Untracked 
| 108|0x000000008b200000, 0x000000008b200000, 0x000000008b300000|  0%| F|  |TAMS 0x000000008b200000, 0x000000008b200000| Untracked 
| 109|0x000000008b300000, 0x000000008b300000, 0x000000008b400000|  0%| F|  |TAMS 0x000000008b300000, 0x000000008b300000| Untracked 
| 110|0x000000008b400000, 0x000000008b400000, 0x000000008b500000|  0%| F|  |TAMS 0x000000008b400000, 0x000000008b400000| Untracked 
| 111|0x000000008b500000, 0x000000008b500000, 0x000000008b600000|  0%| F|  |TAMS 0x000000008b500000, 0x000000008b500000| Untracked 
| 112|0x000000008b600000, 0x000000008b66b400, 0x000000008b700000| 41%| E|  |TAMS 0x000000008b600000, 0x000000008b600000| Complete 
| 113|0x000000008b700000, 0x000000008b800000, 0x000000008b800000|100%| E|CS|TAMS 0x000000008b700000, 0x000000008b700000| Complete 
| 114|0x000000008b800000, 0x000000008b900000, 0x000000008b900000|100%| E|CS|TAMS 0x000000008b800000, 0x000000008b800000| Complete 
| 115|0x000000008b900000, 0x000000008ba00000, 0x000000008ba00000|100%| E|CS|TAMS 0x000000008b900000, 0x000000008b900000| Complete 
| 116|0x000000008ba00000, 0x000000008bb00000, 0x000000008bb00000|100%| E|CS|TAMS 0x000000008ba00000, 0x000000008ba00000| Complete 
| 117|0x000000008bb00000, 0x000000008bc00000, 0x000000008bc00000|100%| E|CS|TAMS 0x000000008bb00000, 0x000000008bb00000| Complete 
| 118|0x000000008bc00000, 0x000000008bd00000, 0x000000008bd00000|100%| E|CS|TAMS 0x000000008bc00000, 0x000000008bc00000| Complete 
| 119|0x000000008bd00000, 0x000000008be00000, 0x000000008be00000|100%| E|CS|TAMS 0x000000008bd00000, 0x000000008bd00000| Complete 
| 120|0x000000008be00000, 0x000000008bf00000, 0x000000008bf00000|100%| E|CS|TAMS 0x000000008be00000, 0x000000008be00000| Complete 
| 121|0x000000008bf00000, 0x000000008c000000, 0x000000008c000000|100%| E|CS|TAMS 0x000000008bf00000, 0x000000008bf00000| Complete 
| 122|0x000000008c000000, 0x000000008c100000, 0x000000008c100000|100%| E|CS|TAMS 0x000000008c000000, 0x000000008c000000| Complete 
| 123|0x000000008c100000, 0x000000008c200000, 0x000000008c200000|100%| E|CS|TAMS 0x000000008c100000, 0x000000008c100000| Complete 

Card table byte_map: [0x000001747c920000,0x000001747cd00000] _byte_map_base: 0x000001747c4fd000

Marking Bits (Prev, Next): (CMBitMap*) 0x000001747473bfa0, (CMBitMap*) 0x000001747473bfe0
 Prev Bits: [0x000001747d0e0000, 0x000001747efc8000)
 Next Bits: [0x000001740f000000, 0x0000017410ee8000)

Polling page: 0x0000017473e90000

Metaspace:

Usage:
  Non-class:      8.28 MB used.
      Class:      1.15 MB used.
       Both:      9.43 MB used.

Virtual space:
  Non-class space:       64.00 MB reserved,       8.38 MB ( 13%) committed,  1 nodes.
      Class space:        1.00 GB reserved,       1.25 MB ( <1%) committed,  1 nodes.
             Both:        1.06 GB reserved,       9.62 MB ( <1%) committed. 

Chunk freelists:
   Non-Class:  6.67 MB
       Class:  14.61 MB
        Both:  21.28 MB

MaxMetaspaceSize: unlimited
CompressedClassSpaceSize: 1.00 GB
Initial GC threshold: 21.00 MB
Current GC threshold: 21.00 MB
CDS: on
MetaspaceReclaimPolicy: balanced
 - commit_granule_bytes: 65536.
 - commit_granule_words: 8192.
 - virtual_space_node_default_size: 8388608.
 - enlarge_chunks_in_place: 1.
 - new_chunks_are_fully_committed: 0.
 - uncommit_free_chunks: 1.
 - use_allocation_guard: 0.
 - handle_deallocations: 1.


Internal statistics:

num_allocs_failed_limit: 0.
num_arena_births: 180.
num_arena_deaths: 0.
num_vsnodes_births: 2.
num_vsnodes_deaths: 0.
num_space_committed: 154.
num_space_uncommitted: 0.
num_chunks_returned_to_freelist: 0.
num_chunks_taken_from_freelist: 488.
num_chunk_merges: 0.
num_chunk_splits: 320.
num_chunks_enlarged: 239.
num_inconsistent_stats: 0.

CodeHeap 'non-profiled nmethods': size=120000Kb used=500Kb max_used=500Kb free=119499Kb
 bounds [0x0000017407ad0000, 0x0000017407d40000, 0x000001740f000000]
CodeHeap 'profiled nmethods': size=120000Kb used=2701Kb max_used=2701Kb free=117298Kb
 bounds [0x0000017400000000, 0x00000174002b0000, 0x0000017407530000]
CodeHeap 'non-nmethods': size=5760Kb used=1159Kb max_used=1177Kb free=4601Kb
 bounds [0x0000017407530000, 0x00000174077a0000, 0x0000017407ad0000]
 total_blobs=1937 nmethods=1492 adapters=357
 compilation: enabled
              stopped_count=0, restarted_count=0
 full_count=0

Compilation events (20 events):
Event: 0.871 Thread 0x000001747fa42610 1486       3       java.lang.module.ModuleDescriptor$Exports::hashCode (36 bytes)
Event: 0.871 Thread 0x000001747fa42610 nmethod 1486 0x000001740029c310 code [0x000001740029c4e0, 0x000001740029c768]
Event: 0.871 Thread 0x000001747fa42610 1484       3       java.lang.module.ModuleDescriptor$1::newExports (14 bytes)
Event: 0.871 Thread 0x000001747fa42610 nmethod 1484 0x000001740029c890 code [0x000001740029ca40, 0x000001740029cdd8]
Event: 0.871 Thread 0x000001747fa42610 1487       3       java.util.ImmutableCollections$SetN::<init> (90 bytes)
Event: 0.872 Thread 0x000001747fa42610 nmethod 1487 0x000001740029cf10 code [0x000001740029d1c0, 0x000001740029df98]
Event: 0.872 Thread 0x000001747fa42610 1491       3       java.net.URI::hash (33 bytes)
Event: 0.872 Thread 0x000001747fa42610 nmethod 1491 0x000001740029e410 code [0x000001740029e600, 0x000001740029ea98]
Event: 0.872 Thread 0x000001747fa42610 1492       3       java.net.URI::toLower (19 bytes)
Event: 0.872 Thread 0x000001747fa42610 nmethod 1492 0x000001740029ec90 code [0x000001740029ee20, 0x000001740029efb8]
Event: 0.872 Thread 0x000001747fa42610 1488       3       jdk.internal.module.Builder::newExports (12 bytes)
Event: 0.873 Thread 0x000001747fa42610 nmethod 1488 0x000001740029f090 code [0x000001740029f240, 0x000001740029f388]
Event: 0.873 Thread 0x000001747fa42610 1489       3       java.lang.module.ModuleDescriptor$1::newExports (12 bytes)
Event: 0.873 Thread 0x000001747fa42610 nmethod 1489 0x000001740029f410 code [0x000001740029f5c0, 0x000001740029f8f8]
Event: 0.873 Thread 0x000001747fa42610 1493       3       java.lang.invoke.MethodHandleNatives::refKindHasReceiver (33 bytes)
Event: 0.873 Thread 0x000001747fa42610 nmethod 1493 0x000001740029fa10 code [0x000001740029fba0, 0x000001740029fcf8]
Event: 0.879 Thread 0x000001747fa42610 1495   !   3       java.util.concurrent.ConcurrentHashMap::putVal (432 bytes)
Event: 0.881 Thread 0x000001747fa42610 nmethod 1495 0x000001740029fd90 code [0x00000174002a0100, 0x00000174002a1ca8]
Event: 0.885 Thread 0x000001747fa42610 1496       3       java.util.concurrent.ConcurrentHashMap::addCount (280 bytes)
Event: 0.886 Thread 0x000001747fa42610 nmethod 1496 0x00000174002a2690 code [0x00000174002a28e0, 0x00000174002a3298]

GC Heap History (2 events):
Event: 0.743 GC heap before
{Heap before GC invocations=0 (full 0):
 garbage-first heap   total 126976K, used 22528K [0x0000000084600000, 0x0000000100000000)
  region size 1024K, 23 young (23552K), 0 survivors (0K)
 Metaspace       used 6741K, committed 6912K, reserved 1114112K
  class space    used 825K, committed 896K, reserved 1048576K
}
Event: 0.750 GC heap after
{Heap after GC invocations=1 (full 0):
 garbage-first heap   total 126976K, used 4680K [0x0000000084600000, 0x0000000100000000)
  region size 1024K, 3 young (3072K), 3 survivors (3072K)
 Metaspace       used 6741K, committed 6912K, reserved 1114112K
  class space    used 825K, committed 896K, reserved 1048576K
}

Dll operation events (10 events):
Event: 0.008 Loaded shared library C:\Users\Student\.jdks\temurin-17.0.10\bin\java.dll
Event: 0.027 Loaded shared library C:\Users\Student\.jdks\temurin-17.0.10\bin\jsvml.dll
Event: 0.111 Loaded shared library C:\Users\Student\.jdks\temurin-17.0.10\bin\zip.dll
Event: 0.113 Loaded shared library C:\Users\Student\.jdks\temurin-17.0.10\bin\instrument.dll
Event: 0.119 Loaded shared library C:\Users\Student\.jdks\temurin-17.0.10\bin\net.dll
Event: 0.121 Loaded shared library C:\Users\Student\.jdks\temurin-17.0.10\bin\nio.dll
Event: 0.123 Loaded shared library C:\Users\Student\.jdks\temurin-17.0.10\bin\zip.dll
Event: 0.172 Loaded shared library C:\Users\Student\AppData\Local\JetBrains\IntelliJ IDEA Community Edition 2022.3.3\bin\breakgen64.dll
Event: 0.185 Loaded shared library C:\Users\Student\.jdks\temurin-17.0.10\bin\extnet.dll
Event: 0.212 Loaded shared library C:\Users\Student\.jdks\temurin-17.0.10\bin\jimage.dll

Deoptimization events (20 events):
Event: 0.704 Thread 0x00000174746e21d0 Uncommon trap: trap_request=0xffffffde fr.pc=0x0000017407b367c8 relative=0x0000000000000128
Event: 0.704 Thread 0x00000174746e21d0 Uncommon trap: reason=class_check action=maybe_recompile pc=0x0000017407b367c8 method=jdk.internal.misc.Unsafe.allocateUninitializedArray(Ljava/lang/Class;I)Ljava/lang/Object; @ 51 c2
Event: 0.704 Thread 0x00000174746e21d0 DEOPT PACKING pc=0x0000017407b367c8 sp=0x00000073e7efd430
Event: 0.704 Thread 0x00000174746e21d0 DEOPT UNPACKING pc=0x00000174075869a3 sp=0x00000073e7efd3b8 mode 2
Event: 0.704 Thread 0x00000174746e21d0 Uncommon trap: trap_request=0xffffffde fr.pc=0x0000017407b367c8 relative=0x0000000000000128
Event: 0.704 Thread 0x00000174746e21d0 Uncommon trap: reason=class_check action=maybe_recompile pc=0x0000017407b367c8 method=jdk.internal.misc.Unsafe.allocateUninitializedArray(Ljava/lang/Class;I)Ljava/lang/Object; @ 51 c2
Event: 0.704 Thread 0x00000174746e21d0 DEOPT PACKING pc=0x0000017407b367c8 sp=0x00000073e7efd430
Event: 0.704 Thread 0x00000174746e21d0 DEOPT UNPACKING pc=0x00000174075869a3 sp=0x00000073e7efd3b8 mode 2
Event: 0.704 Thread 0x00000174746e21d0 Uncommon trap: trap_request=0xffffffde fr.pc=0x0000017407b367c8 relative=0x0000000000000128
Event: 0.704 Thread 0x00000174746e21d0 Uncommon trap: reason=class_check action=maybe_recompile pc=0x0000017407b367c8 method=jdk.internal.misc.Unsafe.allocateUninitializedArray(Ljava/lang/Class;I)Ljava/lang/Object; @ 51 c2
Event: 0.704 Thread 0x00000174746e21d0 DEOPT PACKING pc=0x0000017407b367c8 sp=0x00000073e7efd430
Event: 0.704 Thread 0x00000174746e21d0 DEOPT UNPACKING pc=0x00000174075869a3 sp=0x00000073e7efd3b8 mode 2
Event: 0.869 Thread 0x00000174746e21d0 Uncommon trap: trap_request=0xffffff45 fr.pc=0x0000017407b3524c relative=0x0000000000000d2c
Event: 0.869 Thread 0x00000174746e21d0 Uncommon trap: reason=unstable_if action=reinterpret pc=0x0000017407b3524c method=java.util.concurrent.ConcurrentHashMap.addCount(JI)V @ 34 c2
Event: 0.869 Thread 0x00000174746e21d0 DEOPT PACKING pc=0x0000017407b3524c sp=0x00000073e7efa6a0
Event: 0.869 Thread 0x00000174746e21d0 DEOPT UNPACKING pc=0x00000174075869a3 sp=0x00000073e7efa560 mode 2
Event: 0.869 Thread 0x0000017458a06eb0 Uncommon trap: trap_request=0xffffff45 fr.pc=0x0000017407b3d804 relative=0x00000000000001c4
Event: 0.869 Thread 0x0000017458a06eb0 Uncommon trap: reason=unstable_if action=reinterpret pc=0x0000017407b3d804 method=java.util.concurrent.ConcurrentHashMap.addCount(JI)V @ 7 c2
Event: 0.869 Thread 0x0000017458a06eb0 DEOPT PACKING pc=0x0000017407b3d804 sp=0x00000073e98f9900
Event: 0.869 Thread 0x0000017458a06eb0 DEOPT UNPACKING pc=0x00000174075869a3 sp=0x00000073e98f9860 mode 2

Classes unloaded (0 events):
No events

Classes redefined (0 events):
No events

Internal exceptions (20 events):
Event: 0.689 Thread 0x00000174746e21d0 Exception <a 'java/lang/NoSuchMethodError'{0x000000008ac69870}: 'java.lang.Object java.lang.invoke.DirectMethodHandle$Holder.invokeSpecial(java.lang.Object, java.lang.Object, java.lang.Object, java.lang.Object, java.lang.Object, java.lang.Object, java.lang.Object, int)'> (0x000000008ac69870) 
thrown [s\src\hotspot\share\interpreter\linkResolver.cpp, line 759]
Event: 0.726 Thread 0x00000174746e21d0 Exception <a 'java/lang/NoSuchMethodError'{0x000000008ab94610}: 'int java.lang.invoke.DirectMethodHandle$Holder.invokeInterface(java.lang.Object, java.lang.Object)'> (0x000000008ab94610) 
thrown [s\src\hotspot\share\interpreter\linkResolver.cpp, line 759]
Event: 0.750 Thread 0x00000174746e21d0 Exception <a 'java/lang/NoSuchMethodError'{0x000000008c100b90}: 'int java.lang.invoke.DirectMethodHandle$Holder.invokeVirtual(java.lang.Object, java.lang.Object)'> (0x000000008c100b90) 
thrown [s\src\hotspot\share\interpreter\linkResolver.cpp, line 759]
Event: 0.763 Thread 0x00000174746e21d0 Exception <a 'java/lang/NoSuchMethodError'{0x000000008c1e4f00}: 'java.lang.Object java.lang.invoke.DirectMethodHandle$Holder.invokeSpecial(java.lang.Object, java.lang.Object, java.lang.Object, int, java.lang.Object)'> (0x000000008c1e4f00) 
thrown [s\src\hotspot\share\interpreter\linkResolver.cpp, line 759]
Event: 0.763 Thread 0x00000174746e21d0 Exception <a 'java/lang/NoSuchMethodError'{0x000000008c1ed560}: 'java.lang.Object java.lang.invoke.DirectMethodHandle$Holder.newInvokeSpecial(java.lang.Object, java.lang.Object, java.lang.Object, int, java.lang.Object)'> (0x000000008c1ed560) 
thrown [s\src\hotspot\share\interpreter\linkResolver.cpp, line 759]
Event: 0.764 Thread 0x00000174746e21d0 Exception <a 'java/lang/NoSuchMethodError'{0x000000008c1f4f30}: 'java.lang.Object java.lang.invoke.Invokers$Holder.linkToTargetMethod(java.lang.Object, java.lang.Object, int, java.lang.Object, java.lang.Object)'> (0x000000008c1f4f30) 
thrown [s\src\hotspot\share\interpreter\linkResolver.cpp, line 759]
Event: 0.765 Thread 0x00000174746e21d0 Exception <a 'java/lang/NoSuchMethodError'{0x000000008c004248}: 'java.lang.Object java.lang.invoke.DirectMethodHandle$Holder.newInvokeSpecial(java.lang.Object, int, java.lang.Object)'> (0x000000008c004248) 
thrown [s\src\hotspot\share\interpreter\linkResolver.cpp, line 759]
Event: 0.766 Thread 0x00000174746e21d0 Exception <a 'java/lang/NoSuchMethodError'{0x000000008c009030}: 'int java.lang.invoke.DirectMethodHandle$Holder.invokeSpecialIFC(java.lang.Object, java.lang.Object, java.lang.Object, java.lang.Object)'> (0x000000008c009030) 
thrown [s\src\hotspot\share\interpreter\linkResolver.cpp, line 759]
Event: 0.782 Thread 0x00000174746e21d0 Exception <a 'java/lang/NoSuchMethodError'{0x000000008c0d7300}: 'void java.lang.invoke.DirectMethodHandle$Holder.invokeInterface(java.lang.Object, java.lang.Object, java.lang.Object)'> (0x000000008c0d7300) 
thrown [s\src\hotspot\share\interpreter\linkResolver.cpp, line 759]
Event: 0.796 Thread 0x00000174746e21d0 Exception <a 'java/lang/NoSuchMethodError'{0x000000008bf5a958}: 'void java.lang.invoke.DirectMethodHandle$Holder.invokeStaticInit(java.lang.Object, java.lang.Object, java.lang.Object)'> (0x000000008bf5a958) 
thrown [s\src\hotspot\share\interpreter\linkResolver.cpp, line 759]
Event: 0.800 Thread 0x00000174746e21d0 Exception <a 'java/lang/NoSuchMethodError'{0x000000008bf75978}: 'java.lang.Object java.lang.invoke.DirectMethodHandle$Holder.invokeVirtual(java.lang.Object, java.lang.Object, java.lang.Object)'> (0x000000008bf75978) 
thrown [s\src\hotspot\share\interpreter\linkResolver.cpp, line 759]
Event: 0.803 Thread 0x00000174746e21d0 Exception <a 'java/lang/NoSuchMethodError'{0x000000008bf970e8}: 'java.lang.Object java.lang.invoke.DirectMethodHandle$Holder.invokeStatic(java.lang.Object, java.lang.Object, long, java.lang.Object)'> (0x000000008bf970e8) 
thrown [s\src\hotspot\share\interpreter\linkResolver.cpp, line 759]
Event: 0.804 Thread 0x00000174746e21d0 Exception <a 'java/lang/NoSuchMethodError'{0x000000008bf9ab80}: 'java.lang.Object java.lang.invoke.DirectMethodHandle$Holder.invokeStaticInit(java.lang.Object, java.lang.Object, long, java.lang.Object)'> (0x000000008bf9ab80) 
thrown [s\src\hotspot\share\interpreter\linkResolver.cpp, line 759]
Event: 0.804 Thread 0x00000174746e21d0 Exception <a 'java/lang/NoSuchMethodError'{0x000000008bfa12c0}: 'java.lang.Object java.lang.invoke.DirectMethodHandle$Holder.newInvokeSpecial(java.lang.Object, java.lang.Object, long)'> (0x000000008bfa12c0) 
thrown [s\src\hotspot\share\interpreter\linkResolver.cpp, line 759]
Event: 0.804 Thread 0x00000174746e21d0 Exception <a 'java/lang/NoSuchMethodError'{0x000000008bfa4e30}: 'java.lang.Object java.lang.invoke.Invokers$Holder.linkToTargetMethod(java.lang.Object, long, java.lang.Object)'> (0x000000008bfa4e30) 
thrown [s\src\hotspot\share\interpreter\linkResolver.cpp, line 759]
Event: 0.814 Thread 0x00000174746e21d0 Exception <a 'java/lang/NoSuchMethodError'{0x000000008bfefee8}: 'void java.lang.invoke.DirectMethodHandle$Holder.invokeSpecial(java.lang.Object, java.lang.Object, java.lang.Object, java.lang.Object, java.lang.Object)'> (0x000000008bfefee8) 
thrown [s\src\hotspot\share\interpreter\linkResolver.cpp, line 759]
Event: 0.815 Thread 0x00000174746e21d0 Exception <a 'java/lang/NoSuchMethodError'{0x000000008bff8500}: 'void java.lang.invoke.DirectMethodHandle$Holder.invokeVirtual(java.lang.Object, java.lang.Object, java.lang.Object, java.lang.Object)'> (0x000000008bff8500) 
thrown [s\src\hotspot\share\interpreter\linkResolver.cpp, line 759]
Event: 0.841 Thread 0x00000174746e21d0 Exception <a 'java/lang/NoSuchMethodError'{0x000000008bd4e4d8}: 'void java.lang.invoke.DirectMethodHandle$Holder.invokeSpecial(java.lang.Object, java.lang.Object, java.lang.Object)'> (0x000000008bd4e4d8) 
thrown [s\src\hotspot\share\interpreter\linkResolver.cpp, line 759]
Event: 0.846 Thread 0x0000017458a06eb0 Exception <a 'java/lang/NoClassDefFoundError'{0x000000008bd96ad0}: jakarta/validation/Validation> (0x000000008bd96ad0) 
thrown [s\src\hotspot\share\classfile\systemDictionary.cpp, line 245]
Event: 0.846 Thread 0x00000174746e21d0 Exception <a 'java/lang/IncompatibleClassChangeError'{0x000000008bd80420}: Found class java.lang.Object, but interface was expected> (0x000000008bd80420) 
thrown [s\src\hotspot\share\interpreter\linkResolver.cpp, line 826]

VM Operations (18 events):
Event: 0.094 Executing VM operation: HandshakeAllThreads
Event: 0.094 Executing VM operation: HandshakeAllThreads done
Event: 0.175 Executing VM operation: HandshakeAllThreads
Event: 0.175 Executing VM operation: HandshakeAllThreads done
Event: 0.217 Executing VM operation: HandshakeAllThreads
Event: 0.217 Executing VM operation: HandshakeAllThreads done
Event: 0.529 Executing VM operation: HandshakeAllThreads
Event: 0.529 Executing VM operation: HandshakeAllThreads done
Event: 0.704 Executing VM operation: ICBufferFull
Event: 0.704 Executing VM operation: ICBufferFull done
Event: 0.737 Executing VM operation: HandshakeAllThreads
Event: 0.737 Executing VM operation: HandshakeAllThreads done
Event: 0.743 Executing VM operation: G1CollectForAllocation
Event: 0.750 Executing VM operation: G1CollectForAllocation done
Event: 0.839 Executing VM operation: HandshakeAllThreads
Event: 0.839 Executing VM operation: HandshakeAllThreads done
Event: 0.839 Executing VM operation: HandshakeAllThreads
Event: 0.839 Executing VM operation: HandshakeAllThreads done

Events (20 events):
Event: 0.822 loading class java/util/Vector$Itr done
Event: 0.844 Thread 0x0000017458a06eb0 Thread added: 0x0000017458a06eb0
Event: 0.851 loading class java/io/Console
Event: 0.851 loading class java/io/Console done
Event: 0.851 loading class sun/nio/cs/IBM850
Event: 0.851 loading class sun/nio/cs/IBM850 done
Event: 0.851 loading class java/io/Console$2
Event: 0.851 loading class jdk/internal/access/JavaIOAccess
Event: 0.851 loading class jdk/internal/access/JavaIOAccess done
Event: 0.851 loading class java/io/Console$2 done
Event: 0.853 loading class java/lang/StrictMath
Event: 0.853 loading class java/lang/StrictMath done
Event: 0.870 loading class java/nio/file/FileSystemNotFoundException
Event: 0.870 loading class java/nio/file/FileSystemNotFoundException done
Event: 0.870 loading class java/util/zip/ZipException
Event: 0.870 loading class java/util/zip/ZipException done
Event: 0.892 loading class java/io/NotSerializableException
Event: 0.892 loading class java/io/ObjectStreamException
Event: 0.892 loading class java/io/ObjectStreamException done
Event: 0.892 loading class java/io/NotSerializableException done


Dynamic libraries:
0x00007ff7bdec0000 - 0x00007ff7bdece000 	C:\Users\Student\.jdks\temurin-17.0.10\bin\java.exe
0x00007ffe26030000 - 0x00007ffe26246000 	C:\WINDOWS\SYSTEM32\ntdll.dll
0x00007ffe24700000 - 0x00007ffe247c4000 	C:\WINDOWS\System32\KERNEL32.DLL
0x00007ffe237c0000 - 0x00007ffe23b66000 	C:\WINDOWS\System32\KERNELBASE.dll
0x00007ffe23530000 - 0x00007ffe23641000 	C:\WINDOWS\System32\ucrtbase.dll
0x00007ffe1ead0000 - 0x00007ffe1eae7000 	C:\Users\Student\.jdks\temurin-17.0.10\bin\jli.dll
0x00007ffe1eab0000 - 0x00007ffe1eacb000 	C:\Users\Student\.jdks\temurin-17.0.10\bin\VCRUNTIME140.dll
0x00007ffe25670000 - 0x00007ffe2581d000 	C:\WINDOWS\System32\USER32.dll
0x00007ffe23d50000 - 0x00007ffe23d76000 	C:\WINDOWS\System32\win32u.dll
0x00007ffdfda40000 - 0x00007ffdfdcd3000 	C:\WINDOWS\WinSxS\amd64_microsoft.windows.common-controls_6595b64144ccf1df_6.0.22621.3235_none_270f74e173860f98\COMCTL32.dll
0x00007ffe25230000 - 0x00007ffe25259000 	C:\WINDOWS\System32\GDI32.dll
0x00007ffe255c0000 - 0x00007ffe25667000 	C:\WINDOWS\System32\msvcrt.dll
0x00007ffe23410000 - 0x00007ffe23528000 	C:\WINDOWS\System32\gdi32full.dll
0x00007ffe23370000 - 0x00007ffe2340a000 	C:\WINDOWS\System32\msvcp_win.dll
0x00007ffe25480000 - 0x00007ffe254b1000 	C:\WINDOWS\System32\IMM32.DLL
0x00007ffe1eaa0000 - 0x00007ffe1eaac000 	C:\Users\Student\.jdks\temurin-17.0.10\bin\vcruntime140_1.dll
0x00007ffe116b0000 - 0x00007ffe1173d000 	C:\Users\Student\.jdks\temurin-17.0.10\bin\msvcp140.dll
0x00007ffd9e290000 - 0x00007ffd9eef2000 	C:\Users\Student\.jdks\temurin-17.0.10\bin\server\jvm.dll
0x00007ffe24900000 - 0x00007ffe249b2000 	C:\WINDOWS\System32\ADVAPI32.dll
0x00007ffe247f0000 - 0x00007ffe24898000 	C:\WINDOWS\System32\sechost.dll
0x00007ffe23650000 - 0x00007ffe23678000 	C:\WINDOWS\System32\bcrypt.dll
0x00007ffe25260000 - 0x00007ffe25375000 	C:\WINDOWS\System32\RPCRT4.dll
0x00007ffe0de30000 - 0x00007ffe0de64000 	C:\WINDOWS\SYSTEM32\WINMM.dll
0x00007ffe0efa0000 - 0x00007ffe0efa9000 	C:\WINDOWS\SYSTEM32\WSOCK32.dll
0x00007ffe23190000 - 0x00007ffe231dd000 	C:\WINDOWS\SYSTEM32\POWRPROF.dll
0x00007ffe1b880000 - 0x00007ffe1b88a000 	C:\WINDOWS\SYSTEM32\VERSION.dll
0x00007ffe253f0000 - 0x00007ffe25461000 	C:\WINDOWS\System32\WS2_32.dll
0x00007ffe23070000 - 0x00007ffe23083000 	C:\WINDOWS\SYSTEM32\UMPDC.dll
0x00007ffe223b0000 - 0x00007ffe223c8000 	C:\WINDOWS\SYSTEM32\kernel.appcore.dll
0x00007ffe1ea90000 - 0x00007ffe1ea9a000 	C:\Users\Student\.jdks\temurin-17.0.10\bin\jimage.dll
0x00007ffe0dbf0000 - 0x00007ffe0de23000 	C:\WINDOWS\SYSTEM32\DBGHELP.DLL
0x00007ffe25980000 - 0x00007ffe25d08000 	C:\WINDOWS\System32\combase.dll
0x00007ffe244a0000 - 0x00007ffe24577000 	C:\WINDOWS\System32\OLEAUT32.dll
0x00007ffe0d580000 - 0x00007ffe0d5b2000 	C:\WINDOWS\SYSTEM32\dbgcore.DLL
0x00007ffe23740000 - 0x00007ffe237ba000 	C:\WINDOWS\System32\bcryptPrimitives.dll
0x00007ffe114c0000 - 0x00007ffe114ce000 	C:\Users\Student\.jdks\temurin-17.0.10\bin\instrument.dll
0x00007ffe1ea60000 - 0x00007ffe1ea85000 	C:\Users\Student\.jdks\temurin-17.0.10\bin\java.dll
0x00007ffe115d0000 - 0x00007ffe116a7000 	C:\Users\Student\.jdks\temurin-17.0.10\bin\jsvml.dll
0x00007ffe249c0000 - 0x00007ffe2521d000 	C:\WINDOWS\System32\SHELL32.dll
0x00007ffe212d0000 - 0x00007ffe21bc8000 	C:\WINDOWS\SYSTEM32\windows.storage.dll
0x00007ffe21190000 - 0x00007ffe212ce000 	C:\WINDOWS\SYSTEM32\wintypes.dll
0x00007ffe23d80000 - 0x00007ffe23e73000 	C:\WINDOWS\System32\SHCORE.dll
0x00007ffe25390000 - 0x00007ffe253ee000 	C:\WINDOWS\System32\shlwapi.dll
0x00007ffe232a0000 - 0x00007ffe232c6000 	C:\WINDOWS\SYSTEM32\profapi.dll
0x00007ffe11850000 - 0x00007ffe11868000 	C:\Users\Student\.jdks\temurin-17.0.10\bin\zip.dll
0x00007ffe1ea40000 - 0x00007ffe1ea59000 	C:\Users\Student\.jdks\temurin-17.0.10\bin\net.dll
0x00007ffe1d4e0000 - 0x00007ffe1d617000 	C:\WINDOWS\SYSTEM32\WINHTTP.dll
0x00007ffe22830000 - 0x00007ffe22899000 	C:\WINDOWS\system32\mswsock.dll
0x00007ffe1ea20000 - 0x00007ffe1ea36000 	C:\Users\Student\.jdks\temurin-17.0.10\bin\nio.dll
0x00007ffdfabc0000 - 0x00007ffdfabda000 	C:\Users\Student\AppData\Local\JetBrains\IntelliJ IDEA Community Edition 2022.3.3\bin\breakgen64.dll
0x00007ffe11800000 - 0x00007ffe11809000 	C:\Users\Student\.jdks\temurin-17.0.10\bin\extnet.dll

dbghelp: loaded successfully - version: 4.0.5 - missing functions: none
symbol engine: initialized successfully - sym options: 0x614 - pdb path: .;C:\Users\Student\.jdks\temurin-17.0.10\bin;C:\WINDOWS\SYSTEM32;C:\WINDOWS\WinSxS\amd64_microsoft.windows.common-controls_6595b64144ccf1df_6.0.22621.3235_none_270f74e173860f98;C:\Users\Student\.jdks\temurin-17.0.10\bin\server;C:\Users\Student\AppData\Local\JetBrains\IntelliJ IDEA Community Edition 2022.3.3\bin

VM Arguments:
jvm_args: -javaagent:C:\Users\Student\AppData\Local\JetBrains\IntelliJ IDEA Community Edition 2022.3.3\lib\idea_rt.jar=51261:C:\Users\Student\AppData\Local\JetBrains\IntelliJ IDEA Community Edition 2022.3.3\bin -Dfile.encoding=UTF-8 
java_command: com.example.demo.DemoApplication
java_class_path (initial): C:\Users\Student\Downloads\spring-boot-lib-demo\demo\target\classes;C:\Users\Student\.m2\repository\org\springframework\boot\spring-boot-starter-jdbc\3.2.4\spring-boot-starter-jdbc-3.2.4.jar;C:\Users\Student\.m2\repository\org\springframework\boot\spring-boot-starter\3.2.4\spring-boot-starter-3.2.4.jar;C:\Users\Student\.m2\repository\org\springframework\boot\spring-boot\3.2.4\spring-boot-3.2.4.jar;C:\Users\Student\.m2\repository\org\springframework\boot\spring-boot-autoconfigure\3.2.4\spring-boot-autoconfigure-3.2.4.jar;C:\Users\Student\.m2\repository\org\springframework\boot\spring-boot-starter-logging\3.2.4\spring-boot-starter-logging-3.2.4.jar;C:\Users\Student\.m2\repository\ch\qos\logback\logback-classic\1.4.14\logback-classic-1.4.14.jar;C:\Users\Student\.m2\repository\ch\qos\logback\logback-core\1.4.14\logback-core-1.4.14.jar;C:\Users\Student\.m2\repository\org\apache\logging\log4j\log4j-to-slf4j\2.21.1\log4j-to-slf4j-2.21.1.jar;C:\Users\Student\.m2\repository\org\apache\logging\log4j\log4j-api\2.21.1\log4j-api-2.21.1.jar;C:\Users\Student\.m2\repository\org\slf4j\jul-to-slf4j\2.0.12\jul-to-slf4j-2.0.12.jar;C:\Users\Student\.m2\repository\jakarta\annotation\jakarta.annotation-api\2.1.1\jakarta.annotation-api-2.1.1.jar;C:\Users\Student\.m2\repository\org\yaml\snakeyaml\2.2\snakeyaml-2.2.jar;C:\Users\Student\.m2\repository\com\zaxxer\HikariCP\5.0.1\HikariCP-5.0.1.jar;C:\Users\Student\.m2\repository\org\slf4j\slf4j-api\2.0.12\slf4j-api-2.0.12.jar;C:\Users\Student\.m2\repository\org\springframework\spring-jdbc\6.1.5\spring-jdbc-6.1.5.jar;C:\Users\Student\.m2\repository\org\springframework\spring-beans\6.1.5\spring-beans-6.1.5.jar;C:\Users\Student\.m2\repository\org\springframework\spring-tx\6.1.5\spring-tx-6.1.5.jar;C:\Users\Student\.m2\repository\org\springframework\boot\spring-boot-starter-thymeleaf\3.2.4\spring-boot-starter-thymeleaf-3.2.4.jar;C:\Users\Student\.m2\repository\org\thymeleaf\thymeleaf-spring6\3.1.2.RELEASE\thymeleaf-spri
Launcher Type: SUN_STANDARD

[Global flags]
     intx CICompilerCount                          = 4                                         {product} {ergonomic}
     uint ConcGCThreads                            = 2                                         {product} {ergonomic}
     uint G1ConcRefinementThreads                  = 8                                         {product} {ergonomic}
   size_t G1HeapRegionSize                         = 1048576                                   {product} {ergonomic}
    uintx GCDrainStackTargetSize                   = 64                                        {product} {ergonomic}
   size_t InitialHeapSize                          = 130023424                                 {product} {ergonomic}
   size_t MarkStackSize                            = 4194304                                   {product} {ergonomic}
   size_t MaxHeapSize                              = 2074083328                                {product} {ergonomic}
   size_t MaxNewSize                               = 1243611136                                {product} {ergonomic}
   size_t MinHeapDeltaBytes                        = 1048576                                   {product} {ergonomic}
   size_t MinHeapSize                              = 8388608                                   {product} {ergonomic}
    uintx NonNMethodCodeHeapSize                   = 5839372                                {pd product} {ergonomic}
    uintx NonProfiledCodeHeapSize                  = 122909434                              {pd product} {ergonomic}
    uintx ProfiledCodeHeapSize                     = 122909434                              {pd product} {ergonomic}
    uintx ReservedCodeCacheSize                    = 251658240                              {pd product} {ergonomic}
     bool SegmentedCodeCache                       = true                                      {product} {ergonomic}
   size_t SoftMaxHeapSize                          = 2074083328                             {manageable} {ergonomic}
     bool UseCompressedClassPointers               = true                           {product lp64_product} {ergonomic}
     bool UseCompressedOops                        = true                           {product lp64_product} {ergonomic}
     bool UseG1GC                                  = true                                      {product} {ergonomic}
     bool UseLargePagesIndividualAllocation        = false                                  {pd product} {ergonomic}

Logging:
Log output configuration:
 #0: stdout all=warning uptime,level,tags
 #1: stderr all=off uptime,level,tags

Environment Variables:
PATH=C:\ProgramData\Oracle\Java\javapath;C:\WINDOWS\system32;C:\WINDOWS;C:\WINDOWS\System32\Wbem;C:\WINDOWS\System32\WindowsPowerShell\v1.0\;C:\WINDOWS\System32\OpenSSH\;C:\Users\Student\AppData\Local\Microsoft\WindowsApps;;C:\Users\Student\AppData\Local\JetBrains\IntelliJ IDEA Community Edition 2023.3.6\bin;;C:\Users\Student\AppData\Local\Programs\Microsoft VS Code\bin
USERNAME=Student
OS=Windows_NT
PROCESSOR_IDENTIFIER=Intel64 Family 6 Model 165 Stepping 3, GenuineIntel
TMP=C:\Users\Student\AppData\Local\Temp
TEMP=C:\Users\Student\AppData\Local\Temp



Periodic native trim disabled


---------------  S Y S T E M  ---------------

OS:
 Windows 11 , 64 bit Build 22621 (10.0.22621.3235)
OS uptime: 0 days 2:27 hours

CPU: total 8 (initial active 8) (4 cores per cpu, 2 threads per core) family 6 model 165 stepping 3 microcode 0xec, cx8, cmov, fxsr, ht, mmx, 3dnowpref, sse, sse2, sse3, ssse3, sse4.1, sse4.2, popcnt, lzcnt, tsc, tscinvbit, avx, avx2, aes, erms, clmul, bmi1, bmi2, adx, fma, vzeroupper, clflush, clflushopt
Processor Information for all 8 processors :
  Max Mhz: 3701, Current Mhz: 3701, Mhz Limit: 3701

Memory: 4k page, system-wide physical 7904M (737M free)
TotalPageFile size 10816M (AvailPageFile size 3M)
current process WorkingSet (physical memory assigned to process): 89M, peak: 89M
current process commit charge ("private bytes"): 230M, peak: 231M

vm_info: OpenJDK 64-Bit Server VM (17.0.10+7) for windows-amd64 JRE (17.0.10+7), built on Jan 16 2024 23:25:11 by "admin" with MS VC++ 16.10 / 16.11 (VS2019)

END.
