#
# There is insufficient memory for the Java Runtime Environment to continue.
# Native memory allocation (mmap) failed to map 130023424 bytes for G1 virtual space
# Possible reasons:
#   The system is out of physical RAM or swap space
#   The process is running with CompressedOops enabled, and the Java Heap may be blocking the growth of the native heap
# Possible solutions:
#   Reduce memory load on the system
#   Increase physical memory or swap space
#   Check if swap backing store is full
#   Decrease Java heap size (-Xmx/-Xms)
#   Decrease number of Java threads
#   Decrease Java thread stack sizes (-Xss)
#   Set larger code cache with -XX:ReservedCodeCacheSize=
#   JVM is running with Unscaled Compressed Oops mode in which the Java heap is
#     placed in the first 4GB address space. The Java Heap base address is the
#     maximum limit for the native heap growth. Please use -XX:HeapBaseMinAddress
#     to set the Java Heap base and to place the Java Heap above 4GB virtual address.
# This output file may be truncated or incomplete.
#
#  Out of Memory Error (os_windows.cpp:3613), pid=5596, tid=14948
#
# JRE version:  (17.0.10+7) (build )
# Java VM: OpenJDK 64-Bit Server VM (17.0.10+7, mixed mode, sharing, tiered, compressed oops, compressed class ptrs, g1 gc, windows-amd64)
# No core dump will be written. Minidumps are not enabled by default on client versions of Windows
#

---------------  S U M M A R Y ------------

Command Line: -javaagent:C:\Users\Student\AppData\Local\JetBrains\IntelliJ IDEA Community Edition 2022.3.3\lib\idea_rt.jar=51258:C:\Users\Student\AppData\Local\JetBrains\IntelliJ IDEA Community Edition 2022.3.3\bin -Dfile.encoding=UTF-8 com.example.demo.DemoApplication

Host: Intel(R) Core(TM) i3-10105 CPU @ 3.70GHz, 8 cores, 7G,  Windows 11 , 64 bit Build 22621 (10.0.22621.3235)
Time: Tue Apr  2 10:54:41 2024 India Standard Time elapsed time: 0.014176 seconds (0d 0h 0m 0s)

---------------  T H R E A D  ---------------

Current thread (0x00000162ee2108e0):  JavaThread "Unknown thread" [_thread_in_vm, id=14948, stack(0x000000216ee00000,0x000000216ef00000)]

Stack: [0x000000216ee00000,0x000000216ef00000]
Native frames: (J=compiled Java code, j=interpreted, Vv=VM code, C=native code)
V  [jvm.dll+0x67d2c9]
V  [jvm.dll+0x834afa]
V  [jvm.dll+0x8365be]
V  [jvm.dll+0x836c23]
V  [jvm.dll+0x2477ff]
V  [jvm.dll+0x67a109]
V  [jvm.dll+0x66eb7a]
V  [jvm.dll+0x30764b]
V  [jvm.dll+0x30eaf6]
V  [jvm.dll+0x35e83e]
V  [jvm.dll+0x35ea6f]
V  [jvm.dll+0x2de248]
V  [jvm.dll+0x2df1b4]
V  [jvm.dll+0x806361]
V  [jvm.dll+0x36c6f1]
V  [jvm.dll+0x7e4e06]
V  [jvm.dll+0x3eff3f]
V  [jvm.dll+0x3f1b71]
C  [jli.dll+0x528f]
C  [ucrtbase.dll+0x29363]
C  [KERNEL32.DLL+0x1257d]
C  [ntdll.dll+0x5aa58]


---------------  P R O C E S S  ---------------

Threads class SMR info:
_java_thread_list=0x00007ffd9edbee98, length=0, elements={
}

Java Threads: ( => current thread )

Other Threads:
  0x00000162ee26aea0 GCTaskThread "GC Thread#0" [stack: 0x000000216ef00000,0x000000216f000000] [id=3280]
  0x00000162ee27b530 ConcurrentGCThread "G1 Main Marker" [stack: 0x000000216f000000,0x000000216f100000] [id=6512]
  0x00000162ee27bf50 ConcurrentGCThread "G1 Conc#0" [stack: 0x000000216f100000,0x000000216f200000] [id=12760]

[error occurred during error reporting (printing all threads), id 0xc0000005, EXCEPTION_ACCESS_VIOLATION (0xc0000005) at pc=0x00007ffd9e57ec87]

VM state: not at safepoint (not fully initialized)

VM Mutex/Monitor currently owned by a thread:  ([mutex/lock_event])
[0x00000162ee20c610] Heap_lock - owner thread: 0x00000162ee2108e0

Heap address: 0x0000000084600000, size: 1978 MB, Compressed Oops mode: 32-bit

CDS archive(s) mapped at: [0x0000000000000000-0x0000000000000000-0x0000000000000000), size 0, SharedBaseAddress: 0x0000000800000000, ArchiveRelocationMode: 1.
Narrow klass base: 0x0000000000000000, Narrow klass shift: 0, Narrow klass range: 0x0

GC Precious Log:
<Empty>

Heap:
 garbage-first heap   total 0K, used 0K [0x0000000084600000, 0x0000000100000000)
  region size 1024K, 0 young (0K), 0 survivors (0K)

[error occurred during error reporting (printing heap information), id 0xc0000005, EXCEPTION_ACCESS_VIOLATION (0xc0000005) at pc=0x00007ffd9e966fb9]

GC Heap History (0 events):
No events

Dll operation events (1 events):
Event: 0.008 Loaded shared library C:\Users\Student\.jdks\temurin-17.0.10\bin\java.dll

Deoptimization events (0 events):
No events

Classes unloaded (0 events):
No events

Classes redefined (0 events):
No events

Internal exceptions (0 events):
No events

VM Operations (0 events):
No events

Events (0 events):
No events


Dynamic libraries:
0x00007ff7bdec0000 - 0x00007ff7bdece000 	C:\Users\Student\.jdks\temurin-17.0.10\bin\java.exe
0x00007ffe26030000 - 0x00007ffe26246000 	C:\WINDOWS\SYSTEM32\ntdll.dll
0x00007ffe24700000 - 0x00007ffe247c4000 	C:\WINDOWS\System32\KERNEL32.DLL
0x00007ffe237c0000 - 0x00007ffe23b66000 	C:\WINDOWS\System32\KERNELBASE.dll
0x00007ffe23530000 - 0x00007ffe23641000 	C:\WINDOWS\System32\ucrtbase.dll
0x00007ffe1eab0000 - 0x00007ffe1eacb000 	C:\Users\Student\.jdks\temurin-17.0.10\bin\VCRUNTIME140.dll
0x00007ffe1ead0000 - 0x00007ffe1eae7000 	C:\Users\Student\.jdks\temurin-17.0.10\bin\jli.dll
0x00007ffe25670000 - 0x00007ffe2581d000 	C:\WINDOWS\System32\USER32.dll
0x00007ffe23d50000 - 0x00007ffe23d76000 	C:\WINDOWS\System32\win32u.dll
0x00007ffe25230000 - 0x00007ffe25259000 	C:\WINDOWS\System32\GDI32.dll
0x00007ffe23410000 - 0x00007ffe23528000 	C:\WINDOWS\System32\gdi32full.dll
0x00007ffe23370000 - 0x00007ffe2340a000 	C:\WINDOWS\System32\msvcp_win.dll
0x00007ffdfda40000 - 0x00007ffdfdcd3000 	C:\WINDOWS\WinSxS\amd64_microsoft.windows.common-controls_6595b64144ccf1df_6.0.22621.3235_none_270f74e173860f98\COMCTL32.dll
0x00007ffe255c0000 - 0x00007ffe25667000 	C:\WINDOWS\System32\msvcrt.dll
0x00007ffe25480000 - 0x00007ffe254b1000 	C:\WINDOWS\System32\IMM32.DLL
0x00007ffe1eaa0000 - 0x00007ffe1eaac000 	C:\Users\Student\.jdks\temurin-17.0.10\bin\vcruntime140_1.dll
0x00007ffe116b0000 - 0x00007ffe1173d000 	C:\Users\Student\.jdks\temurin-17.0.10\bin\msvcp140.dll
0x00007ffd9e290000 - 0x00007ffd9eef2000 	C:\Users\Student\.jdks\temurin-17.0.10\bin\server\jvm.dll
0x00007ffe24900000 - 0x00007ffe249b2000 	C:\WINDOWS\System32\ADVAPI32.dll
0x00007ffe247f0000 - 0x00007ffe24898000 	C:\WINDOWS\System32\sechost.dll
0x00007ffe23650000 - 0x00007ffe23678000 	C:\WINDOWS\System32\bcrypt.dll
0x00007ffe25260000 - 0x00007ffe25375000 	C:\WINDOWS\System32\RPCRT4.dll
0x00007ffe0efa0000 - 0x00007ffe0efa9000 	C:\WINDOWS\SYSTEM32\WSOCK32.dll
0x00007ffe23190000 - 0x00007ffe231dd000 	C:\WINDOWS\SYSTEM32\POWRPROF.dll
0x00007ffe0de30000 - 0x00007ffe0de64000 	C:\WINDOWS\SYSTEM32\WINMM.dll
0x00007ffe1b880000 - 0x00007ffe1b88a000 	C:\WINDOWS\SYSTEM32\VERSION.dll
0x00007ffe253f0000 - 0x00007ffe25461000 	C:\WINDOWS\System32\WS2_32.dll
0x00007ffe23070000 - 0x00007ffe23083000 	C:\WINDOWS\SYSTEM32\UMPDC.dll
0x00007ffe223b0000 - 0x00007ffe223c8000 	C:\WINDOWS\SYSTEM32\kernel.appcore.dll
0x00007ffe1ea90000 - 0x00007ffe1ea9a000 	C:\Users\Student\.jdks\temurin-17.0.10\bin\jimage.dll
0x00007ffe0dbf0000 - 0x00007ffe0de23000 	C:\WINDOWS\SYSTEM32\DBGHELP.DLL
0x00007ffe25980000 - 0x00007ffe25d08000 	C:\WINDOWS\System32\combase.dll
0x00007ffe244a0000 - 0x00007ffe24577000 	C:\WINDOWS\System32\OLEAUT32.dll
0x00007ffe0d580000 - 0x00007ffe0d5b2000 	C:\WINDOWS\SYSTEM32\dbgcore.DLL
0x00007ffe23740000 - 0x00007ffe237ba000 	C:\WINDOWS\System32\bcryptPrimitives.dll
0x00007ffe114c0000 - 0x00007ffe114ce000 	C:\Users\Student\.jdks\temurin-17.0.10\bin\instrument.dll
0x00007ffe1ea60000 - 0x00007ffe1ea85000 	C:\Users\Student\.jdks\temurin-17.0.10\bin\java.dll

dbghelp: loaded successfully - version: 4.0.5 - missing functions: none
symbol engine: initialized successfully - sym options: 0x614 - pdb path: .;C:\Users\Student\.jdks\temurin-17.0.10\bin;C:\WINDOWS\SYSTEM32;C:\WINDOWS\WinSxS\amd64_microsoft.windows.common-controls_6595b64144ccf1df_6.0.22621.3235_none_270f74e173860f98;C:\Users\Student\.jdks\temurin-17.0.10\bin\server

VM Arguments:
jvm_args: -javaagent:C:\Users\Student\AppData\Local\JetBrains\IntelliJ IDEA Community Edition 2022.3.3\lib\idea_rt.jar=51258:C:\Users\Student\AppData\Local\JetBrains\IntelliJ IDEA Community Edition 2022.3.3\bin -Dfile.encoding=UTF-8 
java_command: com.example.demo.DemoApplication
java_class_path (initial): C:\Users\Student\Downloads\spring-boot-lib-demo\demo\target\classes;C:\Users\Student\.m2\repository\org\springframework\boot\spring-boot-starter-jdbc\3.2.4\spring-boot-starter-jdbc-3.2.4.jar;C:\Users\Student\.m2\repository\org\springframework\boot\spring-boot-starter\3.2.4\spring-boot-starter-3.2.4.jar;C:\Users\Student\.m2\repository\org\springframework\boot\spring-boot\3.2.4\spring-boot-3.2.4.jar;C:\Users\Student\.m2\repository\org\springframework\boot\spring-boot-autoconfigure\3.2.4\spring-boot-autoconfigure-3.2.4.jar;C:\Users\Student\.m2\repository\org\springframework\boot\spring-boot-starter-logging\3.2.4\spring-boot-starter-logging-3.2.4.jar;C:\Users\Student\.m2\repository\ch\qos\logback\logback-classic\1.4.14\logback-classic-1.4.14.jar;C:\Users\Student\.m2\repository\ch\qos\logback\logback-core\1.4.14\logback-core-1.4.14.jar;C:\Users\Student\.m2\repository\org\apache\logging\log4j\log4j-to-slf4j\2.21.1\log4j-to-slf4j-2.21.1.jar;C:\Users\Student\.m2\repository\org\apache\logging\log4j\log4j-api\2.21.1\log4j-api-2.21.1.jar;C:\Users\Student\.m2\repository\org\slf4j\jul-to-slf4j\2.0.12\jul-to-slf4j-2.0.12.jar;C:\Users\Student\.m2\repository\jakarta\annotation\jakarta.annotation-api\2.1.1\jakarta.annotation-api-2.1.1.jar;C:\Users\Student\.m2\repository\org\yaml\snakeyaml\2.2\snakeyaml-2.2.jar;C:\Users\Student\.m2\repository\com\zaxxer\HikariCP\5.0.1\HikariCP-5.0.1.jar;C:\Users\Student\.m2\repository\org\slf4j\slf4j-api\2.0.12\slf4j-api-2.0.12.jar;C:\Users\Student\.m2\repository\org\springframework\spring-jdbc\6.1.5\spring-jdbc-6.1.5.jar;C:\Users\Student\.m2\repository\org\springframework\spring-beans\6.1.5\spring-beans-6.1.5.jar;C:\Users\Student\.m2\repository\org\springframework\spring-tx\6.1.5\spring-tx-6.1.5.jar;C:\Users\Student\.m2\repository\org\springframework\boot\spring-boot-starter-thymeleaf\3.2.4\spring-boot-starter-thymeleaf-3.2.4.jar;C:\Users\Student\.m2\repository\org\thymeleaf\thymeleaf-spring6\3.1.2.RELEASE\thymeleaf-spri
Launcher Type: SUN_STANDARD

[Global flags]
     intx CICompilerCount                          = 4                                         {product} {ergonomic}
     uint ConcGCThreads                            = 2                                         {product} {ergonomic}
     uint G1ConcRefinementThreads                  = 8                                         {product} {ergonomic}
   size_t G1HeapRegionSize                         = 1048576                                   {product} {ergonomic}
    uintx GCDrainStackTargetSize                   = 64                                        {product} {ergonomic}
   size_t InitialHeapSize                          = 130023424                                 {product} {ergonomic}
   size_t MarkStackSize                            = 4194304                                   {product} {ergonomic}
   size_t MaxHeapSize                              = 2074083328                                {product} {ergonomic}
   size_t MinHeapDeltaBytes                        = 1048576                                   {product} {ergonomic}
   size_t MinHeapSize                              = 8388608                                   {product} {ergonomic}
    uintx NonNMethodCodeHeapSize                   = 5839372                                {pd product} {ergonomic}
    uintx NonProfiledCodeHeapSize                  = 122909434                              {pd product} {ergonomic}
    uintx ProfiledCodeHeapSize                     = 122909434                              {pd product} {ergonomic}
    uintx ReservedCodeCacheSize                    = 251658240                              {pd product} {ergonomic}
     bool SegmentedCodeCache                       = true                                      {product} {ergonomic}
   size_t SoftMaxHeapSize                          = 2074083328                             {manageable} {ergonomic}
     bool UseCompressedClassPointers               = true                           {product lp64_product} {ergonomic}
     bool UseCompressedOops                        = true                           {product lp64_product} {ergonomic}
     bool UseG1GC                                  = true                                      {product} {ergonomic}
     bool UseLargePagesIndividualAllocation        = false                                  {pd product} {ergonomic}

Logging:
Log output configuration:
 #0: stdout all=warning uptime,level,tags
 #1: stderr all=off uptime,level,tags

Environment Variables:
PATH=C:\ProgramData\Oracle\Java\javapath;C:\WINDOWS\system32;C:\WINDOWS;C:\WINDOWS\System32\Wbem;C:\WINDOWS\System32\WindowsPowerShell\v1.0\;C:\WINDOWS\System32\OpenSSH\;C:\Users\Student\AppData\Local\Microsoft\WindowsApps;;C:\Users\Student\AppData\Local\JetBrains\IntelliJ IDEA Community Edition 2023.3.6\bin;;C:\Users\Student\AppData\Local\Programs\Microsoft VS Code\bin
USERNAME=Student
OS=Windows_NT
PROCESSOR_IDENTIFIER=Intel64 Family 6 Model 165 Stepping 3, GenuineIntel
TMP=C:\Users\Student\AppData\Local\Temp
TEMP=C:\Users\Student\AppData\Local\Temp



Periodic native trim disabled


---------------  S Y S T E M  ---------------

OS:
 Windows 11 , 64 bit Build 22621 (10.0.22621.3235)
OS uptime: 0 days 2:25 hours

CPU: total 8 (initial active 8) (4 cores per cpu, 2 threads per core) family 6 model 165 stepping 3 microcode 0xec, cx8, cmov, fxsr, ht, mmx, 3dnowpref, sse, sse2, sse3, ssse3, sse4.1, sse4.2, popcnt, lzcnt, tsc, tscinvbit, avx, avx2, aes, erms, clmul, bmi1, bmi2, adx, fma, vzeroupper, clflush, clflushopt
Processor Information for all 8 processors :
  Max Mhz: 3701, Current Mhz: 3701, Mhz Limit: 3701

Memory: 4k page, system-wide physical 7904M (634M free)
TotalPageFile size 10816M (AvailPageFile size 26M)
current process WorkingSet (physical memory assigned to process): 11M, peak: 11M
current process commit charge ("private bytes"): 60M, peak: 184M

vm_info: OpenJDK 64-Bit Server VM (17.0.10+7) for windows-amd64 JRE (17.0.10+7), built on Jan 16 2024 23:25:11 by "admin" with MS VC++ 16.10 / 16.11 (VS2019)

END.
